<?xml version="1.0" encoding="UTF-8"?>
<testsuites tests="967" failures="0" skipped="0" time="0.010">
  <testsuite name="xsd11-conformance" tests="967" failures="0" skipped="0" time="0.010">
    <testcase classname="github.com/lestrrat-go/helium-w3c-tests/xsd" name="TestXSD11W3C/ibmMeta/allGroup.testSet/s3_3_6ii01" time="0.000"></testcase>
    <testcase classname="github.com/lestrrat-go/helium-w3c-tests/xsd" name="TestXSD11W3C/ibmMeta/allGroup.testSet/s3_3_6ii02" time="0.000"></testcase>
    <testcase classname="github.com/lestrrat-go/helium-w3c-tests/xsd" name="TestXSD11W3C/ibmMeta/allGroup.testSet/s3_3_6ii03" time="0.000"></testcase>
    <testcase classname="github.com/lestrrat-go/helium-w3c-tests/xsd" name="TestXSD11W3C/ibmMeta/allGroup.testSet/s3_3_6si01" time="0.000"></testcase>
    <testcase classname="github.com/lestrrat-go/helium-w3c-tests/xsd" name="TestXSD11W3C/ibmMeta/allGroup.testSet/s3_3_6si02" time="0.000"></testcase>
    <testcase classname="github.com/lestrrat-go/helium-w3c-tests/xsd" name="TestXSD11W3C/ibmMeta/allGroup.testSet/s3_3_6si03" time="0.000"></testcase>
    <testcase classname="github.com/lestrrat-go/helium-w3c-tests/xsd" name="TestXSD11W3C/ibmMeta/allGroup.testSet/s3_3_6v01" time="0.000"></testcase>
    <testcase classname="github.com/lestrrat-go/helium-w3c-tests/xsd" name="TestXSD11W3C/ibmMeta/allGroup.testSet/s3_3_6v04" time="0.000"></testcase>
    <testcase classname="github.com/lestrrat-go/helium-w3c-tests/xsd" name="TestXSD11W3C/ibmMeta/allGroup.testSet/s3_3_6v05" time="0.000"></testcase>
    <testcase classname="github.com/lestrrat-go/helium-w3c-tests/xsd" name="TestXSD11W3C/ibmMeta/anyAttribute.testSet/s3_10_6v01" time="0.000"></testcase>
    <testcase classname="github.com/lestrrat-go/helium-w3c-tests/xsd" name="TestXSD11W3C/ibmMeta/anyAttribute.testSet/s3_10_6v02" time="0.000"></testcase>
    <testcase classname="github.com/lestrrat-go/helium-w3c-tests/xsd" name="TestXSD11W3C/ibmMeta/anyAttribute.testSet/s3_10_6v03" time="0.000"></testcase>
    <testcase classname="github.com/lestrrat-go/helium-w3c-tests/xsd" name="TestXSD11W3C/ibmMeta/assert.testSet/assert_001" time="0.000"></testcase>
    <testcase classname="github.com/lestrrat-go/helium-w3c-tests/xsd" name="TestXSD11W3C/ibmMeta/assert.testSet/assert_002" time="0.000"></testcase>
    <testcase classname="github.com/lestrrat-go/helium-w3c-tests/xsd" name="TestXSD11W3C/ibmMeta/assert.testSet/assert_003" time="0.000"></testcase>
    <testcase classname="github.com/lestrrat-go/helium-w3c-tests/xsd" name="TestXSD11W3C/ibmMeta/assert.testSet/assert_004" time="0.000"></testcase>
    <testcase classname="github.com/lestrrat-go/helium-w3c-tests/xsd" name="TestXSD11W3C/ibmMeta/assert.testSet/assert_005" time="0.000"></testcase>
    <testcase classname="github.com/lestrrat-go/helium-w3c-tests/xsd" name="TestXSD11W3C/ibmMeta/assert.testSet/assert_006" time="0.000"></testcase>
    <testcase classname="github.com/lestrrat-go/helium-w3c-tests/xsd" name="TestXSD11W3C/ibmMeta/assert.testSet/assert_007" time="0.000"></testcase>
    <testcase classname="github.com/lestrrat-go/helium-w3c-tests/xsd" name="TestXSD11W3C/ibmMeta/assert.testSet/assert_008" time="0.000"></testcase>
    <testcase classname="github.com/lestrrat-go/helium-w3c-tests/xsd" name="TestXSD11W3C/ibmMeta/assert.testSet/assert_009" time="0.000"></testcase>
    <testcase classname="github.com/lestrrat-go/helium-w3c-tests/xsd" name="TestXSD11W3C/ibmMeta/assert.testSet/assert_010" time="0.000"></testcase>
    <testcase classname="github.com/lestrrat-go/helium-w3c-tests/xsd" name="TestXSD11W3C/ibmMeta/assert.testSet/assert_011" time="0.000"></testcase>
    <testcase classname="github.com/lestrrat-go/helium-w3c-tests/xsd" name="TestXSD11W3C/ibmMeta/assert.testSet/assert_012" time="0.000"></testcase>
    <testcase classname="github.com/lestrrat-go/helium-w3c-tests/xsd" name="TestXSD11W3C/ibmMeta/assert.testSet/assert_013" time="0.000"></testcase>
    <testcase classname="github.com/lestrrat-go/helium-w3c-tests/xsd" name="TestXSD11W3C/ibmMeta/assert.testSet/assert_014" time="0.000"></testcase>
    <testcase classname="github.com/lestrrat-go/helium-w3c-tests/xsd" name="TestXSD11W3C/ibmMeta/assert.testSet/assert_015" time="0.000"></testcase>
    <testcase classname="github.com/lestrrat-go/helium-w3c-tests/xsd" name="TestXSD11W3C/ibmMeta/assert.testSet/assert_016" time="0.000"></testcase>
    <testcase classname="github.com/lestrrat-go/helium-w3c-tests/xsd" name="TestXSD11W3C/ibmMeta/assert.testSet/assert_017" time="0.000"></testcase>
    <testcase classname="github.com/lestrrat-go/helium-w3c-tests/xsd" name="TestXSD11W3C/ibmMeta/assert.testSet/assert_018" time="0.000"></testcase>
    <testcase classname="github.com/lestrrat-go/helium-w3c-tests/xsd" name="TestXSD11W3C/ibmMeta/assert.testSet/assert_019" time="0.000"></testcase>
    <testcase classname="github.com/lestrrat-go/helium-w3c-tests/xsd" name="TestXSD11W3C/ibmMeta/assert.testSet/assert_020" time="0.000"></testcase>
    <testcase classname="github.com/lestrrat-go/helium-w3c-tests/xsd" name="TestXSD11W3C/ibmMeta/assert.testSet/assert_021" time="0.000"></testcase>
    <testcase classname="github.com/lestrrat-go/helium-w3c-tests/xsd" name="TestXSD11W3C/ibmMeta/assert.testSet/assert_022" time="0.000"></testcase>
    <testcase classname="github.com/lestrrat-go/helium-w3c-tests/xsd" name="TestXSD11W3C/ibmMeta/assert.testSet/assert_023" time="0.000"></testcase>
    <testcase classname="github.com/lestrrat-go/helium-w3c-tests/xsd" name="TestXSD11W3C/ibmMeta/assert.testSet/assert_024" time="0.000"></testcase>
    <testcase classname="github.com/lestrrat-go/helium-w3c-tests/xsd" name="TestXSD11W3C/ibmMeta/assert.testSet/assert_025" time="0.000"></testcase>
    <testcase classname="github.com/lestrrat-go/helium-w3c-tests/xsd" name="TestXSD11W3C/ibmMeta/assert.testSet/assert_026" time="0.000"></testcase>
    <testcase classname="github.com/lestrrat-go/helium-w3c-tests/xsd" name="TestXSD11W3C/ibmMeta/assert.testSet/assert_027" time="0.000"></testcase>
    <testcase classname="github.com/lestrrat-go/helium-w3c-tests/xsd" name="TestXSD11W3C/ibmMeta/assert.testSet/assert_028" time="0.000"></testcase>
    <testcase classname="github.com/lestrrat-go/helium-w3c-tests/xsd" name="TestXSD11W3C/ibmMeta/assert.testSet/assert_029" time="0.000"></testcase>
    <testcase classname="github.com/lestrrat-go/helium-w3c-tests/xsd" name="TestXSD11W3C/ibmMeta/assert.testSet/assert_030" time="0.000"></testcase>
    <testcase classname="github.com/lestrrat-go/helium-w3c-tests/xsd" name="TestXSD11W3C/ibmMeta/assert.testSet/assert_031" time="0.000"></testcase>
    <testcase classname="github.com/lestrrat-go/helium-w3c-tests/xsd" name="TestXSD11W3C/ibmMeta/assert.testSet/assert_032" time="0.000"></testcase>
    <testcase classname="github.com/lestrrat-go/helium-w3c-tests/xsd" name="TestXSD11W3C/ibmMeta/assert.testSet/assert_033" time="0.000"></testcase>
    <testcase classname="github.com/lestrrat-go/helium-w3c-tests/xsd" name="TestXSD11W3C/ibmMeta/assert.testSet/assert_034" time="0.000"></testcase>
    <testcase classname="github.com/lestrrat-go/helium-w3c-tests/xsd" name="TestXSD11W3C/ibmMeta/assert.testSet/assert_035" time="0.000"></testcase>
    <testcase classname="github.com/lestrrat-go/helium-w3c-tests/xsd" name="TestXSD11W3C/ibmMeta/assertion.testSet/d4_3_15ii01" time="0.000"></testcase>
    <testcase classname="github.com/lestrrat-go/helium-w3c-tests/xsd" name="TestXSD11W3C/ibmMeta/assertion.testSet/d4_3_15ii02" time="0.000"></testcase>
    <testcase classname="github.com/lestrrat-go/helium-w3c-tests/xsd" name="TestXSD11W3C/ibmMeta/assertion.testSet/d4_3_15ii03" time="0.000"></testcase>
    <testcase classname="github.com/lestrrat-go/helium-w3c-tests/xsd" name="TestXSD11W3C/ibmMeta/assertion.testSet/d4_3_15ii04" time="0.000"></testcase>
    <testcase classname="github.com/lestrrat-go/helium-w3c-tests/xsd" name="TestXSD11W3C/ibmMeta/assertion.testSet/d4_3_15ii06" time="0.000"></testcase>
    <testcase classname="github.com/lestrrat-go/helium-w3c-tests/xsd" name="TestXSD11W3C/ibmMeta/assertion.testSet/d4_3_15ii08" time="0.000"></testcase>
    <testcase classname="github.com/lestrrat-go/helium-w3c-tests/xsd" name="TestXSD11W3C/ibmMeta/assertion.testSet/d4_3_15ii10" time="0.000"></testcase>
    <testcase classname="github.com/lestrrat-go/helium-w3c-tests/xsd" name="TestXSD11W3C/ibmMeta/assertion.testSet/d4_3_15ii11" time="0.000"></testcase>
    <testcase classname="github.com/lestrrat-go/helium-w3c-tests/xsd" name="TestXSD11W3C/ibmMeta/assertion.testSet/d4_3_15ii12" time="0.000"></testcase>
    <testcase classname="github.com/lestrrat-go/helium-w3c-tests/xsd" name="TestXSD11W3C/ibmMeta/assertion.testSet/d4_3_15ii13" time="0.000"></testcase>
    <testcase classname="github.com/lestrrat-go/helium-w3c-tests/xsd" name="TestXSD11W3C/ibmMeta/assertion.testSet/d4_3_15ii14" time="0.000"></testcase>
    <testcase classname="github.com/lestrrat-go/helium-w3c-tests/xsd" name="TestXSD11W3C/ibmMeta/assertion.testSet/d4_3_15ii15" time="0.000"></testcase>
    <testcase classname="github.com/lestrrat-go/helium-w3c-tests/xsd" name="TestXSD11W3C/ibmMeta/assertion.testSet/d4_3_15ii17" time="0.000"></testcase>
    <testcase classname="github.com/lestrrat-go/helium-w3c-tests/xsd" name="TestXSD11W3C/ibmMeta/assertion.testSet/d4_3_15ii18" time="0.000"></testcase>
    <testcase classname="github.com/lestrrat-go/helium-w3c-tests/xsd" name="TestXSD11W3C/ibmMeta/assertion.testSet/d4_3_15ii19" time="0.000"></testcase>
    <testcase classname="github.com/lestrrat-go/helium-w3c-tests/xsd" name="TestXSD11W3C/ibmMeta/assertion.testSet/d4_3_15ii20" time="0.000"></testcase>
    <testcase classname="github.com/lestrrat-go/helium-w3c-tests/xsd" name="TestXSD11W3C/ibmMeta/assertion.testSet/d4_3_15ii21" time="0.000"></testcase>
    <testcase classname="github.com/lestrrat-go/helium-w3c-tests/xsd" name="TestXSD11W3C/ibmMeta/assertion.testSet/d4_3_15ii22" time="0.000"></testcase>
    <testcase classname="github.com/lestrrat-go/helium-w3c-tests/xsd" name="TestXSD11W3C/ibmMeta/assertion.testSet/d4_3_15ii23" time="0.000"></testcase>
    <testcase classname="github.com/lestrrat-go/helium-w3c-tests/xsd" name="TestXSD11W3C/ibmMeta/assertion.testSet/d4_3_15ii24" time="0.000"></testcase>
    <testcase classname="github.com/lestrrat-go/helium-w3c-tests/xsd" name="TestXSD11W3C/ibmMeta/assertion.testSet/d4_3_15ii25" time="0.000"></testcase>
    <testcase classname="github.com/lestrrat-go/helium-w3c-tests/xsd" name="TestXSD11W3C/ibmMeta/assertion.testSet/d4_3_15ii27" time="0.000"></testcase>
    <testcase classname="github.com/lestrrat-go/helium-w3c-tests/xsd" name="TestXSD11W3C/ibmMeta/assertion.testSet/d4_3_15ii29" time="0.000"></testcase>
    <testcase classname="github.com/lestrrat-go/helium-w3c-tests/xsd" name="TestXSD11W3C/ibmMeta/assertion.testSet/d4_3_15ii30" time="0.000"></testcase>
    <testcase classname="github.com/lestrrat-go/helium-w3c-tests/xsd" name="TestXSD11W3C/ibmMeta/assertion.testSet/d4_3_15ii31" time="0.000"></testcase>
    <testcase classname="github.com/lestrrat-go/helium-w3c-tests/xsd" name="TestXSD11W3C/ibmMeta/assertion.testSet/d4_3_15ii32" time="0.000"></testcase>
    <testcase classname="github.com/lestrrat-go/helium-w3c-tests/xsd" name="TestXSD11W3C/ibmMeta/assertion.testSet/d4_3_15si04" time="0.000"></testcase>
    <testcase classname="github.com/lestrrat-go/helium-w3c-tests/xsd" name="TestXSD11W3C/ibmMeta/assertion.testSet/d4_3_15v01" time="0.000"></testcase>
    <testcase classname="github.com/lestrrat-go/helium-w3c-tests/xsd" name="TestXSD11W3C/ibmMeta/assertion.testSet/d4_3_15v02" time="0.000"></testcase>
    <testcase classname="github.com/lestrrat-go/helium-w3c-tests/xsd" name="TestXSD11W3C/ibmMeta/assertion.testSet/d4_3_15v03" time="0.000"></testcase>
    <testcase classname="github.com/lestrrat-go/helium-w3c-tests/xsd" name="TestXSD11W3C/ibmMeta/assertion.testSet/d4_3_15v04" time="0.000"></testcase>
    <testcase classname="github.com/lestrrat-go/helium-w3c-tests/xsd" name="TestXSD11W3C/ibmMeta/assertion.testSet/d4_3_15v05" time="0.000"></testcase>
    <testcase classname="github.com/lestrrat-go/helium-w3c-tests/xsd" name="TestXSD11W3C/ibmMeta/assertion.testSet/d4_3_15v06" time="0.000"></testcase>
    <testcase classname="github.com/lestrrat-go/helium-w3c-tests/xsd" name="TestXSD11W3C/ibmMeta/assertion.testSet/d4_3_15v07" time="0.000"></testcase>
    <testcase classname="github.com/lestrrat-go/helium-w3c-tests/xsd" name="TestXSD11W3C/ibmMeta/assertion.testSet/d4_3_15v08" time="0.000"></testcase>
    <testcase classname="github.com/lestrrat-go/helium-w3c-tests/xsd" name="TestXSD11W3C/ibmMeta/assertion.testSet/d4_3_15v09" time="0.000"></testcase>
    <testcase classname="github.com/lestrrat-go/helium-w3c-tests/xsd" name="TestXSD11W3C/ibmMeta/assertion.testSet/d4_3_15v10" time="0.000"></testcase>
    <testcase classname="github.com/lestrrat-go/helium-w3c-tests/xsd" name="TestXSD11W3C/ibmMeta/assertion.testSet/d4_3_15v11" time="0.000"></testcase>
    <testcase classname="github.com/lestrrat-go/helium-w3c-tests/xsd" name="TestXSD11W3C/ibmMeta/assertion.testSet/d4_3_15v13" time="0.000"></testcase>
    <testcase classname="github.com/lestrrat-go/helium-w3c-tests/xsd" name="TestXSD11W3C/ibmMeta/assertion.testSet/d4_3_15v14" time="0.000"></testcase>
    <testcase classname="github.com/lestrrat-go/helium-w3c-tests/xsd" name="TestXSD11W3C/ibmMeta/assertion.testSet/d4_3_15v15" time="0.000"></testcase>
    <testcase classname="github.com/lestrrat-go/helium-w3c-tests/xsd" name="TestXSD11W3C/ibmMeta/assertion.testSet/d4_3_15v18" time="0.000"></testcase>
    <testcase classname="github.com/lestrrat-go/helium-w3c-tests/xsd" name="TestXSD11W3C/ibmMeta/assertion.testSet/d4_3_15v19" time="0.000"></testcase>
    <testcase classname="github.com/lestrrat-go/helium-w3c-tests/xsd" name="TestXSD11W3C/ibmMeta/assertion.testSet/d4_3_15v21" time="0.000"></testcase>
    <testcase classname="github.com/lestrrat-go/helium-w3c-tests/xsd" name="TestXSD11W3C/ibmMeta/assertion.testSet/d4_3_15v22" time="0.000"></testcase>
    <testcase classname="github.com/lestrrat-go/helium-w3c-tests/xsd" name="TestXSD11W3C/ibmMeta/assertion.testSet/d4_3_15v23" time="0.000"></testcase>
    <testcase classname="github.com/lestrrat-go/helium-w3c-tests/xsd" name="TestXSD11W3C/ibmMeta/assertion.testSet/d4_3_15v24" time="0.000"></testcase>
    <testcase classname="github.com/lestrrat-go/helium-w3c-tests/xsd" name="TestXSD11W3C/ibmMeta/assertion.testSet/d4_3_15v25" time="0.000"></testcase>
    <testcase classname="github.com/lestrrat-go/helium-w3c-tests/xsd" name="TestXSD11W3C/ibmMeta/assertion.testSet/d4_3_15v26" time="0.000"></testcase>
    <testcase classname="github.com/lestrrat-go/helium-w3c-tests/xsd" name="TestXSD11W3C/ibmMeta/assertion.testSet/d4_3_15v27" time="0.000"></testcase>
    <testcase classname="github.com/lestrrat-go/helium-w3c-tests/xsd" name="TestXSD11W3C/ibmMeta/assertion.testSet/d4_3_15v28" time="0.000"></testcase>
    <testcase classname="github.com/lestrrat-go/helium-w3c-tests/xsd" name="TestXSD11W3C/ibmMeta/conditionalInclusion.testSet/s4_2_2ii01" time="0.000"></testcase>
    <testcase classname="github.com/lestrrat-go/helium-w3c-tests/xsd" name="TestXSD11W3C/ibmMeta/conditionalInclusion.testSet/s4_2_2si01" time="0.000"></testcase>
    <testcase classname="github.com/lestrrat-go/helium-w3c-tests/xsd" name="TestXSD11W3C/ibmMeta/conditionalInclusion.testSet/s4_2_2v01" time="0.000"></testcase>
    <testcase classname="github.com/lestrrat-go/helium-w3c-tests/xsd" name="TestXSD11W3C/ibmMeta/constraintsOnAttribute.testSet/s3_2_3ii01" time="0.000"></testcase>
    <testcase classname="github.com/lestrrat-go/helium-w3c-tests/xsd" name="TestXSD11W3C/ibmMeta/constraintsOnAttribute.testSet/s3_2_3ii02" time="0.000"></testcase>
    <testcase classname="github.com/lestrrat-go/helium-w3c-tests/xsd" name="TestXSD11W3C/ibmMeta/constraintsOnAttribute.testSet/s3_2_3ii04" time="0.000"></testcase>
    <testcase classname="github.com/lestrrat-go/helium-w3c-tests/xsd" name="TestXSD11W3C/ibmMeta/constraintsOnAttribute.testSet/s3_2_3ii05" time="0.000"></testcase>
    <testcase classname="github.com/lestrrat-go/helium-w3c-tests/xsd" name="TestXSD11W3C/ibmMeta/constraintsOnAttribute.testSet/s3_2_3si01" time="0.000"></testcase>
    <testcase classname="github.com/lestrrat-go/helium-w3c-tests/xsd" name="TestXSD11W3C/ibmMeta/constraintsOnAttribute.testSet/s3_2_3si02" time="0.000"></testcase>
    <testcase classname="github.com/lestrrat-go/helium-w3c-tests/xsd" name="TestXSD11W3C/ibmMeta/constraintsOnAttribute.testSet/s3_2_3si03" time="0.000"></testcase>
    <testcase classname="github.com/lestrrat-go/helium-w3c-tests/xsd" name="TestXSD11W3C/ibmMeta/constraintsOnAttribute.testSet/s3_2_3si04" time="0.000"></testcase>
    <testcase classname="github.com/lestrrat-go/helium-w3c-tests/xsd" name="TestXSD11W3C/ibmMeta/constraintsOnAttribute.testSet/s3_2_3si06" time="0.000"></testcase>
    <testcase classname="github.com/lestrrat-go/helium-w3c-tests/xsd" name="TestXSD11W3C/ibmMeta/constraintsOnAttribute.testSet/s3_2_3si07" time="0.000"></testcase>
    <testcase classname="github.com/lestrrat-go/helium-w3c-tests/xsd" name="TestXSD11W3C/ibmMeta/constraintsOnAttribute.testSet/s3_2_3si08" time="0.000"></testcase>
    <testcase classname="github.com/lestrrat-go/helium-w3c-tests/xsd" name="TestXSD11W3C/ibmMeta/constraintsOnAttribute.testSet/s3_2_3si09" time="0.000"></testcase>
    <testcase classname="github.com/lestrrat-go/helium-w3c-tests/xsd" name="TestXSD11W3C/ibmMeta/constraintsOnAttribute.testSet/s3_2_3si10" time="0.000"></testcase>
    <testcase classname="github.com/lestrrat-go/helium-w3c-tests/xsd" name="TestXSD11W3C/ibmMeta/constraintsOnAttribute.testSet/s3_2_3v01" time="0.000"></testcase>
    <testcase classname="github.com/lestrrat-go/helium-w3c-tests/xsd" name="TestXSD11W3C/ibmMeta/constraintsOnAttribute.testSet/s3_2_3v04" time="0.000"></testcase>
    <testcase classname="github.com/lestrrat-go/helium-w3c-tests/xsd" name="TestXSD11W3C/ibmMeta/cyclicRedefineIncludeImportOverride.testSet/s4_2_4si02c" time="0.000"></testcase>
    <testcase classname="github.com/lestrrat-go/helium-w3c-tests/xsd" name="TestXSD11W3C/ibmMeta/date.testSet/d3_3_10v01" time="0.000"></testcase>
    <testcase classname="github.com/lestrrat-go/helium-w3c-tests/xsd" name="TestXSD11W3C/ibmMeta/dateTimeStamp.testSet/d3_4_28ii01" time="0.000"></testcase>
    <testcase classname="github.com/lestrrat-go/helium-w3c-tests/xsd" name="TestXSD11W3C/ibmMeta/dateTimeStamp.testSet/d3_4_28si01" time="0.000"></testcase>
    <testcase classname="github.com/lestrrat-go/helium-w3c-tests/xsd" name="TestXSD11W3C/ibmMeta/dateTimeStamp.testSet/d3_4_28si02" time="0.000"></testcase>
    <testcase classname="github.com/lestrrat-go/helium-w3c-tests/xsd" name="TestXSD11W3C/ibmMeta/dateTimeStamp.testSet/d3_4_28si03" time="0.000"></testcase>
    <testcase classname="github.com/lestrrat-go/helium-w3c-tests/xsd" name="TestXSD11W3C/ibmMeta/dateTimeStamp.testSet/d3_4_28si04" time="0.000"></testcase>
    <testcase classname="github.com/lestrrat-go/helium-w3c-tests/xsd" name="TestXSD11W3C/ibmMeta/dateTimeStamp.testSet/d3_4_28si05" time="0.000"></testcase>
    <testcase classname="github.com/lestrrat-go/helium-w3c-tests/xsd" name="TestXSD11W3C/ibmMeta/dateTimeStamp.testSet/d3_4_28si06" time="0.000"></testcase>
    <testcase classname="github.com/lestrrat-go/helium-w3c-tests/xsd" name="TestXSD11W3C/ibmMeta/dateTimeStamp.testSet/d3_4_28si07" time="0.000"></testcase>
    <testcase classname="github.com/lestrrat-go/helium-w3c-tests/xsd" name="TestXSD11W3C/ibmMeta/dateTimeStamp.testSet/d3_4_28si08" time="0.000"></testcase>
    <testcase classname="github.com/lestrrat-go/helium-w3c-tests/xsd" name="TestXSD11W3C/ibmMeta/dateTimeStamp.testSet/d3_4_28si09" time="0.000"></testcase>
    <testcase classname="github.com/lestrrat-go/helium-w3c-tests/xsd" name="TestXSD11W3C/ibmMeta/dateTimeStamp.testSet/d3_4_28si10" time="0.000"></testcase>
    <testcase classname="github.com/lestrrat-go/helium-w3c-tests/xsd" name="TestXSD11W3C/ibmMeta/dateTimeStamp.testSet/d3_4_28si11" time="0.000"></testcase>
    <testcase classname="github.com/lestrrat-go/helium-w3c-tests/xsd" name="TestXSD11W3C/ibmMeta/dateTimeStamp.testSet/d3_4_28si12" time="0.000"></testcase>
    <testcase classname="github.com/lestrrat-go/helium-w3c-tests/xsd" name="TestXSD11W3C/ibmMeta/dateTimeStamp.testSet/d3_4_28si13" time="0.000"></testcase>
    <testcase classname="github.com/lestrrat-go/helium-w3c-tests/xsd" name="TestXSD11W3C/ibmMeta/dateTimeStamp.testSet/d3_4_28si14" time="0.000"></testcase>
    <testcase classname="github.com/lestrrat-go/helium-w3c-tests/xsd" name="TestXSD11W3C/ibmMeta/dateTimeStamp.testSet/d3_4_28si15" time="0.000"></testcase>
    <testcase classname="github.com/lestrrat-go/helium-w3c-tests/xsd" name="TestXSD11W3C/ibmMeta/dateTimeStamp.testSet/d3_4_28si16" time="0.000"></testcase>
    <testcase classname="github.com/lestrrat-go/helium-w3c-tests/xsd" name="TestXSD11W3C/ibmMeta/dateTimeStamp.testSet/d3_4_28si17" time="0.000"></testcase>
    <testcase classname="github.com/lestrrat-go/helium-w3c-tests/xsd" name="TestXSD11W3C/ibmMeta/dateTimeStamp.testSet/d3_4_28v01" time="0.000"></testcase>
    <testcase classname="github.com/lestrrat-go/helium-w3c-tests/xsd" name="TestXSD11W3C/ibmMeta/dateTimeStamp.testSet/d3_4_28v02" time="0.000"></testcase>
    <testcase classname="github.com/lestrrat-go/helium-w3c-tests/xsd" name="TestXSD11W3C/ibmMeta/dateTimeStamp.testSet/d3_4_28v03" time="0.000"></testcase>
    <testcase classname="github.com/lestrrat-go/helium-w3c-tests/xsd" name="TestXSD11W3C/ibmMeta/dateTimeStamp.testSet/d3_4_28v04" time="0.000"></testcase>
    <testcase classname="github.com/lestrrat-go/helium-w3c-tests/xsd" name="TestXSD11W3C/ibmMeta/dateTimeStamp.testSet/d3_4_28v05" time="0.000"></testcase>
    <testcase classname="github.com/lestrrat-go/helium-w3c-tests/xsd" name="TestXSD11W3C/ibmMeta/dateTimeStamp.testSet/d3_4_28v06" time="0.000"></testcase>
    <testcase classname="github.com/lestrrat-go/helium-w3c-tests/xsd" name="TestXSD11W3C/ibmMeta/dateTimeStamp.testSet/d3_4_28v07" time="0.000"></testcase>
    <testcase classname="github.com/lestrrat-go/helium-w3c-tests/xsd" name="TestXSD11W3C/ibmMeta/dateTimeStamp.testSet/d3_4_28v08" time="0.000"></testcase>
    <testcase classname="github.com/lestrrat-go/helium-w3c-tests/xsd" name="TestXSD11W3C/ibmMeta/dateTimeStamp.testSet/d3_4_28v09" time="0.000"></testcase>
    <testcase classname="github.com/lestrrat-go/helium-w3c-tests/xsd" name="TestXSD11W3C/ibmMeta/dateTimeStamp.testSet/d3_4_28v10" time="0.000"></testcase>
    <testcase classname="github.com/lestrrat-go/helium-w3c-tests/xsd" name="TestXSD11W3C/ibmMeta/dayTimeDuration.testSet/d3_4_27ii01" time="0.000"></testcase>
    <testcase classname="github.com/lestrrat-go/helium-w3c-tests/xsd" name="TestXSD11W3C/ibmMeta/dayTimeDuration.testSet/d3_4_27ii02" time="0.000"></testcase>
    <testcase classname="github.com/lestrrat-go/helium-w3c-tests/xsd" name="TestXSD11W3C/ibmMeta/dayTimeDuration.testSet/d3_4_27ii03" time="0.000"></testcase>
    <testcase classname="github.com/lestrrat-go/helium-w3c-tests/xsd" name="TestXSD11W3C/ibmMeta/dayTimeDuration.testSet/d3_4_27ii04" time="0.000"></testcase>
    <testcase classname="github.com/lestrrat-go/helium-w3c-tests/xsd" name="TestXSD11W3C/ibmMeta/dayTimeDuration.testSet/d3_4_27ii05" time="0.000"></testcase>
    <testcase classname="github.com/lestrrat-go/helium-w3c-tests/xsd" name="TestXSD11W3C/ibmMeta/dayTimeDuration.testSet/d3_4_27ii06" time="0.000"></testcase>
    <testcase classname="github.com/lestrrat-go/helium-w3c-tests/xsd" name="TestXSD11W3C/ibmMeta/dayTimeDuration.testSet/d3_4_27ii07" time="0.000"></testcase>
    <testcase classname="github.com/lestrrat-go/helium-w3c-tests/xsd" name="TestXSD11W3C/ibmMeta/dayTimeDuration.testSet/d3_4_27si01" time="0.000"></testcase>
    <testcase classname="github.com/lestrrat-go/helium-w3c-tests/xsd" name="TestXSD11W3C/ibmMeta/dayTimeDuration.testSet/d3_4_27si02" time="0.000"></testcase>
    <testcase classname="github.com/lestrrat-go/helium-w3c-tests/xsd" name="TestXSD11W3C/ibmMeta/dayTimeDuration.testSet/d3_4_27si03" time="0.000"></testcase>
    <testcase classname="github.com/lestrrat-go/helium-w3c-tests/xsd" name="TestXSD11W3C/ibmMeta/dayTimeDuration.testSet/d3_4_27si04" time="0.000"></testcase>
    <testcase classname="github.com/lestrrat-go/helium-w3c-tests/xsd" name="TestXSD11W3C/ibmMeta/dayTimeDuration.testSet/d3_4_27si05" time="0.000"></testcase>
    <testcase classname="github.com/lestrrat-go/helium-w3c-tests/xsd" name="TestXSD11W3C/ibmMeta/dayTimeDuration.testSet/d3_4_27si06" time="0.000"></testcase>
    <testcase classname="github.com/lestrrat-go/helium-w3c-tests/xsd" name="TestXSD11W3C/ibmMeta/dayTimeDuration.testSet/d3_4_27si07" time="0.000"></testcase>
    <testcase classname="github.com/lestrrat-go/helium-w3c-tests/xsd" name="TestXSD11W3C/ibmMeta/dayTimeDuration.testSet/d3_4_27si08" time="0.000"></testcase>
    <testcase classname="github.com/lestrrat-go/helium-w3c-tests/xsd" name="TestXSD11W3C/ibmMeta/dayTimeDuration.testSet/d3_4_27si09" time="0.000"></testcase>
    <testcase classname="github.com/lestrrat-go/helium-w3c-tests/xsd" name="TestXSD11W3C/ibmMeta/dayTimeDuration.testSet/d3_4_27si10" time="0.000"></testcase>
    <testcase classname="github.com/lestrrat-go/helium-w3c-tests/xsd" name="TestXSD11W3C/ibmMeta/dayTimeDuration.testSet/d3_4_27si11" time="0.000"></testcase>
    <testcase classname="github.com/lestrrat-go/helium-w3c-tests/xsd" name="TestXSD11W3C/ibmMeta/dayTimeDuration.testSet/d3_4_27si12" time="0.000"></testcase>
    <testcase classname="github.com/lestrrat-go/helium-w3c-tests/xsd" name="TestXSD11W3C/ibmMeta/dayTimeDuration.testSet/d3_4_27v01" time="0.000"></testcase>
    <testcase classname="github.com/lestrrat-go/helium-w3c-tests/xsd" name="TestXSD11W3C/ibmMeta/dayTimeDuration.testSet/d3_4_27v02" time="0.000"></testcase>
    <testcase classname="github.com/lestrrat-go/helium-w3c-tests/xsd" name="TestXSD11W3C/ibmMeta/dayTimeDuration.testSet/d3_4_27v03" time="0.000"></testcase>
    <testcase classname="github.com/lestrrat-go/helium-w3c-tests/xsd" name="TestXSD11W3C/ibmMeta/dayTimeDuration.testSet/d3_4_27v04" time="0.000"></testcase>
    <testcase classname="github.com/lestrrat-go/helium-w3c-tests/xsd" name="TestXSD11W3C/ibmMeta/dayTimeDuration.testSet/d3_4_27v05" time="0.000"></testcase>
    <testcase classname="github.com/lestrrat-go/helium-w3c-tests/xsd" name="TestXSD11W3C/ibmMeta/defaultAttributesApply.testSet/s3_4_2_4ii01" time="0.000"></testcase>
    <testcase classname="github.com/lestrrat-go/helium-w3c-tests/xsd" name="TestXSD11W3C/ibmMeta/defaultAttributesApply.testSet/s3_4_2_4ii02" time="0.000"></testcase>
    <testcase classname="github.com/lestrrat-go/helium-w3c-tests/xsd" name="TestXSD11W3C/ibmMeta/defaultAttributesApply.testSet/s3_4_2_4ii03" time="0.000"></testcase>
    <testcase classname="github.com/lestrrat-go/helium-w3c-tests/xsd" name="TestXSD11W3C/ibmMeta/defaultAttributesApply.testSet/s3_4_2_4ii05" time="0.000"></testcase>
    <testcase classname="github.com/lestrrat-go/helium-w3c-tests/xsd" name="TestXSD11W3C/ibmMeta/defaultAttributesApply.testSet/s3_4_2_4ii06" time="0.000"></testcase>
    <testcase classname="github.com/lestrrat-go/helium-w3c-tests/xsd" name="TestXSD11W3C/ibmMeta/defaultAttributesApply.testSet/s3_4_2_4ii07" time="0.000"></testcase>
    <testcase classname="github.com/lestrrat-go/helium-w3c-tests/xsd" name="TestXSD11W3C/ibmMeta/defaultAttributesApply.testSet/s3_4_2_4ii08" time="0.000"></testcase>
    <testcase classname="github.com/lestrrat-go/helium-w3c-tests/xsd" name="TestXSD11W3C/ibmMeta/defaultAttributesApply.testSet/s3_4_2_4ii09" time="0.000"></testcase>
    <testcase classname="github.com/lestrrat-go/helium-w3c-tests/xsd" name="TestXSD11W3C/ibmMeta/defaultAttributesApply.testSet/s3_4_2_4ii10" time="0.000"></testcase>
    <testcase classname="github.com/lestrrat-go/helium-w3c-tests/xsd" name="TestXSD11W3C/ibmMeta/defaultAttributesApply.testSet/s3_4_2_4ii11" time="0.000"></testcase>
    <testcase classname="github.com/lestrrat-go/helium-w3c-tests/xsd" name="TestXSD11W3C/ibmMeta/defaultAttributesApply.testSet/s3_4_2_4si01" time="0.000"></testcase>
    <testcase classname="github.com/lestrrat-go/helium-w3c-tests/xsd" name="TestXSD11W3C/ibmMeta/defaultAttributesApply.testSet/s3_4_2_4si02" time="0.000"></testcase>
    <testcase classname="github.com/lestrrat-go/helium-w3c-tests/xsd" name="TestXSD11W3C/ibmMeta/defaultAttributesApply.testSet/s3_4_2_4si03" time="0.000"></testcase>
    <testcase classname="github.com/lestrrat-go/helium-w3c-tests/xsd" name="TestXSD11W3C/ibmMeta/defaultAttributesApply.testSet/s3_4_2_4v01" time="0.000"></testcase>
    <testcase classname="github.com/lestrrat-go/helium-w3c-tests/xsd" name="TestXSD11W3C/ibmMeta/defaultAttributesApply.testSet/s3_4_2_4v02" time="0.000"></testcase>
    <testcase classname="github.com/lestrrat-go/helium-w3c-tests/xsd" name="TestXSD11W3C/ibmMeta/defaultAttributesApply.testSet/s3_4_2_4v03" time="0.000"></testcase>
    <testcase classname="github.com/lestrrat-go/helium-w3c-tests/xsd" name="TestXSD11W3C/ibmMeta/defaultAttributesApply.testSet/s3_4_2_4v13" time="0.000"></testcase>
    <testcase classname="github.com/lestrrat-go/helium-w3c-tests/xsd" name="TestXSD11W3C/ibmMeta/defaultFixed.testSet/s2_7_1ii01" time="0.000"></testcase>
    <testcase classname="github.com/lestrrat-go/helium-w3c-tests/xsd" name="TestXSD11W3C/ibmMeta/defaultFixed.testSet/s2_7_1ii02" time="0.000"></testcase>
    <testcase classname="github.com/lestrrat-go/helium-w3c-tests/xsd" name="TestXSD11W3C/ibmMeta/defaultFixed.testSet/s2_7_1v01" time="0.000"></testcase>
    <testcase classname="github.com/lestrrat-go/helium-w3c-tests/xsd" name="TestXSD11W3C/ibmMeta/defaultFixed.testSet/s2_7_2ii01" time="0.000"></testcase>
    <testcase classname="github.com/lestrrat-go/helium-w3c-tests/xsd" name="TestXSD11W3C/ibmMeta/double.testSet/d3_3_6v01" time="0.000"></testcase>
    <testcase classname="github.com/lestrrat-go/helium-w3c-tests/xsd" name="TestXSD11W3C/ibmMeta/double.testSet/d3_3_6v02" time="0.000"></testcase>
    <testcase classname="github.com/lestrrat-go/helium-w3c-tests/xsd" name="TestXSD11W3C/ibmMeta/edcWildcard.testSet/s3_8_6ii01" time="0.000"></testcase>
    <testcase classname="github.com/lestrrat-go/helium-w3c-tests/xsd" name="TestXSD11W3C/ibmMeta/edcWildcard.testSet/s3_8_6v01" time="0.000"></testcase>
    <testcase classname="github.com/lestrrat-go/helium-w3c-tests/xsd" name="TestXSD11W3C/ibmMeta/explicitTimezone.testSet/d4_3_16ii01" time="0.000"></testcase>
    <testcase classname="github.com/lestrrat-go/helium-w3c-tests/xsd" name="TestXSD11W3C/ibmMeta/explicitTimezone.testSet/d4_3_16ii02" time="0.000"></testcase>
    <testcase classname="github.com/lestrrat-go/helium-w3c-tests/xsd" name="TestXSD11W3C/ibmMeta/explicitTimezone.testSet/d4_3_16ii03" time="0.000"></testcase>
    <testcase classname="github.com/lestrrat-go/helium-w3c-tests/xsd" name="TestXSD11W3C/ibmMeta/explicitTimezone.testSet/d4_3_16ii04" time="0.000"></testcase>
    <testcase classname="github.com/lestrrat-go/helium-w3c-tests/xsd" name="TestXSD11W3C/ibmMeta/explicitTimezone.testSet/d4_3_16ii05" time="0.000"></testcase>
    <testcase classname="github.com/lestrrat-go/helium-w3c-tests/xsd" name="TestXSD11W3C/ibmMeta/explicitTimezone.testSet/d4_3_16ii06" time="0.000"></testcase>
    <testcase classname="github.com/lestrrat-go/helium-w3c-tests/xsd" name="TestXSD11W3C/ibmMeta/explicitTimezone.testSet/d4_3_16ii07" time="0.000"></testcase>
    <testcase classname="github.com/lestrrat-go/helium-w3c-tests/xsd" name="TestXSD11W3C/ibmMeta/explicitTimezone.testSet/d4_3_16si01" time="0.000"></testcase>
    <testcase classname="github.com/lestrrat-go/helium-w3c-tests/xsd" name="TestXSD11W3C/ibmMeta/explicitTimezone.testSet/d4_3_16si02" time="0.000"></testcase>
    <testcase classname="github.com/lestrrat-go/helium-w3c-tests/xsd" name="TestXSD11W3C/ibmMeta/explicitTimezone.testSet/d4_3_16si03" time="0.000"></testcase>
    <testcase classname="github.com/lestrrat-go/helium-w3c-tests/xsd" name="TestXSD11W3C/ibmMeta/explicitTimezone.testSet/d4_3_16si04" time="0.000"></testcase>
    <testcase classname="github.com/lestrrat-go/helium-w3c-tests/xsd" name="TestXSD11W3C/ibmMeta/explicitTimezone.testSet/d4_3_16v01" time="0.000"></testcase>
    <testcase classname="github.com/lestrrat-go/helium-w3c-tests/xsd" name="TestXSD11W3C/ibmMeta/explicitTimezone.testSet/d4_3_16v02" time="0.000"></testcase>
    <testcase classname="github.com/lestrrat-go/helium-w3c-tests/xsd" name="TestXSD11W3C/ibmMeta/explicitTimezone.testSet/d4_3_16v03" time="0.000"></testcase>
    <testcase classname="github.com/lestrrat-go/helium-w3c-tests/xsd" name="TestXSD11W3C/ibmMeta/explicitTimezone.testSet/d4_3_16v04" time="0.000"></testcase>
    <testcase classname="github.com/lestrrat-go/helium-w3c-tests/xsd" name="TestXSD11W3C/ibmMeta/explicitTimezone.testSet/d4_3_16v05" time="0.000"></testcase>
    <testcase classname="github.com/lestrrat-go/helium-w3c-tests/xsd" name="TestXSD11W3C/ibmMeta/explicitTimezone.testSet/d4_3_16v06" time="0.000"></testcase>
    <testcase classname="github.com/lestrrat-go/helium-w3c-tests/xsd" name="TestXSD11W3C/ibmMeta/explicitTimezone.testSet/d4_3_16v07" time="0.000"></testcase>
    <testcase classname="github.com/lestrrat-go/helium-w3c-tests/xsd" name="TestXSD11W3C/ibmMeta/float.testSet/d3_3_5v01" time="0.000"></testcase>
    <testcase classname="github.com/lestrrat-go/helium-w3c-tests/xsd" name="TestXSD11W3C/ibmMeta/float.testSet/d3_3_5v02" time="0.000"></testcase>
    <testcase classname="github.com/lestrrat-go/helium-w3c-tests/xsd" name="TestXSD11W3C/ibmMeta/gDay.testSet/d3_3_14v01" time="0.000"></testcase>
    <testcase classname="github.com/lestrrat-go/helium-w3c-tests/xsd" name="TestXSD11W3C/ibmMeta/gMonth.testSet/d3_3_15si01" time="0.000"></testcase>
    <testcase classname="github.com/lestrrat-go/helium-w3c-tests/xsd" name="TestXSD11W3C/ibmMeta/gMonthDay.testSet/d3_3_13v01" time="0.000"></testcase>
    <testcase classname="github.com/lestrrat-go/helium-w3c-tests/xsd" name="TestXSD11W3C/ibmMeta/gYear.testSet/d3_3_12v01" time="0.000"></testcase>
    <testcase classname="github.com/lestrrat-go/helium-w3c-tests/xsd" name="TestXSD11W3C/ibmMeta/gYearMonth.testSet/d3_3_11v01" time="0.000"></testcase>
    <testcase classname="github.com/lestrrat-go/helium-w3c-tests/xsd" name="TestXSD11W3C/ibmMeta/idIDREF.testSet/s3_3_4ii01" time="0.000"></testcase>
    <testcase classname="github.com/lestrrat-go/helium-w3c-tests/xsd" name="TestXSD11W3C/ibmMeta/idIDREF.testSet/s3_3_4ii02" time="0.000"></testcase>
    <testcase classname="github.com/lestrrat-go/helium-w3c-tests/xsd" name="TestXSD11W3C/ibmMeta/idIDREF.testSet/s3_3_4ii03" time="0.000"></testcase>
    <testcase classname="github.com/lestrrat-go/helium-w3c-tests/xsd" name="TestXSD11W3C/ibmMeta/idIDREF.testSet/s3_3_4ii04" time="0.000"></testcase>
    <testcase classname="github.com/lestrrat-go/helium-w3c-tests/xsd" name="TestXSD11W3C/ibmMeta/idIDREF.testSet/s3_3_4ii05" time="0.000"></testcase>
    <testcase classname="github.com/lestrrat-go/helium-w3c-tests/xsd" name="TestXSD11W3C/ibmMeta/idIDREF.testSet/s3_3_4ii06" time="0.000"></testcase>
    <testcase classname="github.com/lestrrat-go/helium-w3c-tests/xsd" name="TestXSD11W3C/ibmMeta/idIDREF.testSet/s3_3_4ii07" time="0.000"></testcase>
    <testcase classname="github.com/lestrrat-go/helium-w3c-tests/xsd" name="TestXSD11W3C/ibmMeta/idIDREF.testSet/s3_3_4ii08" time="0.000"></testcase>
    <testcase classname="github.com/lestrrat-go/helium-w3c-tests/xsd" name="TestXSD11W3C/ibmMeta/idIDREF.testSet/s3_3_4ii09" time="0.000"></testcase>
    <testcase classname="github.com/lestrrat-go/helium-w3c-tests/xsd" name="TestXSD11W3C/ibmMeta/idIDREF.testSet/s3_3_4ii10" time="0.000"></testcase>
    <testcase classname="github.com/lestrrat-go/helium-w3c-tests/xsd" name="TestXSD11W3C/ibmMeta/idIDREF.testSet/s3_3_4ii11" time="0.000"></testcase>
    <testcase classname="github.com/lestrrat-go/helium-w3c-tests/xsd" name="TestXSD11W3C/ibmMeta/idIDREF.testSet/s3_3_4ii12" time="0.000"></testcase>
    <testcase classname="github.com/lestrrat-go/helium-w3c-tests/xsd" name="TestXSD11W3C/ibmMeta/idIDREF.testSet/s3_3_4ii13" time="0.000"></testcase>
    <testcase classname="github.com/lestrrat-go/helium-w3c-tests/xsd" name="TestXSD11W3C/ibmMeta/idIDREF.testSet/s3_3_4ii14" time="0.000"></testcase>
    <testcase classname="github.com/lestrrat-go/helium-w3c-tests/xsd" name="TestXSD11W3C/ibmMeta/idIDREF.testSet/s3_3_4ii15" time="0.000"></testcase>
    <testcase classname="github.com/lestrrat-go/helium-w3c-tests/xsd" name="TestXSD11W3C/ibmMeta/idIDREF.testSet/s3_3_4ii16" time="0.000"></testcase>
    <testcase classname="github.com/lestrrat-go/helium-w3c-tests/xsd" name="TestXSD11W3C/ibmMeta/idIDREF.testSet/s3_3_4ii17" time="0.000"></testcase>
    <testcase classname="github.com/lestrrat-go/helium-w3c-tests/xsd" name="TestXSD11W3C/ibmMeta/idIDREF.testSet/s3_3_4ii18" time="0.000"></testcase>
    <testcase classname="github.com/lestrrat-go/helium-w3c-tests/xsd" name="TestXSD11W3C/ibmMeta/idIDREF.testSet/s3_3_4ii19" time="0.000"></testcase>
    <testcase classname="github.com/lestrrat-go/helium-w3c-tests/xsd" name="TestXSD11W3C/ibmMeta/idIDREF.testSet/s3_3_4ii20" time="0.000"></testcase>
    <testcase classname="github.com/lestrrat-go/helium-w3c-tests/xsd" name="TestXSD11W3C/ibmMeta/idIDREF.testSet/s3_3_4ii21" time="0.000"></testcase>
    <testcase classname="github.com/lestrrat-go/helium-w3c-tests/xsd" name="TestXSD11W3C/ibmMeta/idIDREF.testSet/s3_3_4ii22" time="0.000"></testcase>
    <testcase classname="github.com/lestrrat-go/helium-w3c-tests/xsd" name="TestXSD11W3C/ibmMeta/idIDREF.testSet/s3_3_4ii23" time="0.000"></testcase>
    <testcase classname="github.com/lestrrat-go/helium-w3c-tests/xsd" name="TestXSD11W3C/ibmMeta/idIDREF.testSet/s3_3_4ii24" time="0.000"></testcase>
    <testcase classname="github.com/lestrrat-go/helium-w3c-tests/xsd" name="TestXSD11W3C/ibmMeta/idIDREF.testSet/s3_3_4ii25" time="0.000"></testcase>
    <testcase classname="github.com/lestrrat-go/helium-w3c-tests/xsd" name="TestXSD11W3C/ibmMeta/idIDREF.testSet/s3_3_4ii26" time="0.000"></testcase>
    <testcase classname="github.com/lestrrat-go/helium-w3c-tests/xsd" name="TestXSD11W3C/ibmMeta/idIDREF.testSet/s3_3_4ii27" time="0.000"></testcase>
    <testcase classname="github.com/lestrrat-go/helium-w3c-tests/xsd" name="TestXSD11W3C/ibmMeta/idIDREF.testSet/s3_3_4si01" time="0.000"></testcase>
    <testcase classname="github.com/lestrrat-go/helium-w3c-tests/xsd" name="TestXSD11W3C/ibmMeta/idIDREF.testSet/s3_3_4si02" time="0.000"></testcase>
    <testcase classname="github.com/lestrrat-go/helium-w3c-tests/xsd" name="TestXSD11W3C/ibmMeta/idIDREF.testSet/s3_3_4si03" time="0.000"></testcase>
    <testcase classname="github.com/lestrrat-go/helium-w3c-tests/xsd" name="TestXSD11W3C/ibmMeta/idIDREF.testSet/s3_3_4si04" time="0.000"></testcase>
    <testcase classname="github.com/lestrrat-go/helium-w3c-tests/xsd" name="TestXSD11W3C/ibmMeta/idIDREF.testSet/s3_3_4si05" time="0.000"></testcase>
    <testcase classname="github.com/lestrrat-go/helium-w3c-tests/xsd" name="TestXSD11W3C/ibmMeta/idIDREF.testSet/s3_3_4si06" time="0.000"></testcase>
    <testcase classname="github.com/lestrrat-go/helium-w3c-tests/xsd" name="TestXSD11W3C/ibmMeta/idIDREF.testSet/s3_3_4si07" time="0.000"></testcase>
    <testcase classname="github.com/lestrrat-go/helium-w3c-tests/xsd" name="TestXSD11W3C/ibmMeta/idIDREF.testSet/s3_3_4si08" time="0.000"></testcase>
    <testcase classname="github.com/lestrrat-go/helium-w3c-tests/xsd" name="TestXSD11W3C/ibmMeta/idIDREF.testSet/s3_3_4si09" time="0.000"></testcase>
    <testcase classname="github.com/lestrrat-go/helium-w3c-tests/xsd" name="TestXSD11W3C/ibmMeta/idIDREF.testSet/s3_3_4si10" time="0.000"></testcase>
    <testcase classname="github.com/lestrrat-go/helium-w3c-tests/xsd" name="TestXSD11W3C/ibmMeta/idIDREF.testSet/s3_3_4si11" time="0.000"></testcase>
    <testcase classname="github.com/lestrrat-go/helium-w3c-tests/xsd" name="TestXSD11W3C/ibmMeta/idIDREF.testSet/s3_3_4si12" time="0.000"></testcase>
    <testcase classname="github.com/lestrrat-go/helium-w3c-tests/xsd" name="TestXSD11W3C/ibmMeta/idIDREF.testSet/s3_3_4si13" time="0.000"></testcase>
    <testcase classname="github.com/lestrrat-go/helium-w3c-tests/xsd" name="TestXSD11W3C/ibmMeta/idIDREF.testSet/s3_3_4si14" time="0.000"></testcase>
    <testcase classname="github.com/lestrrat-go/helium-w3c-tests/xsd" name="TestXSD11W3C/ibmMeta/idIDREF.testSet/s3_3_4si15" time="0.000"></testcase>
    <testcase classname="github.com/lestrrat-go/helium-w3c-tests/xsd" name="TestXSD11W3C/ibmMeta/idIDREF.testSet/s3_3_4si16" time="0.000"></testcase>
    <testcase classname="github.com/lestrrat-go/helium-w3c-tests/xsd" name="TestXSD11W3C/ibmMeta/idIDREF.testSet/s3_3_4si17" time="0.000"></testcase>
    <testcase classname="github.com/lestrrat-go/helium-w3c-tests/xsd" name="TestXSD11W3C/ibmMeta/idIDREF.testSet/s3_3_4si18" time="0.000"></testcase>
    <testcase classname="github.com/lestrrat-go/helium-w3c-tests/xsd" name="TestXSD11W3C/ibmMeta/idIDREF.testSet/s3_3_4si19" time="0.000"></testcase>
    <testcase classname="github.com/lestrrat-go/helium-w3c-tests/xsd" name="TestXSD11W3C/ibmMeta/idIDREF.testSet/s3_3_4si20" time="0.000"></testcase>
    <testcase classname="github.com/lestrrat-go/helium-w3c-tests/xsd" name="TestXSD11W3C/ibmMeta/idIDREF.testSet/s3_3_4v01" time="0.000"></testcase>
    <testcase classname="github.com/lestrrat-go/helium-w3c-tests/xsd" name="TestXSD11W3C/ibmMeta/idIDREF.testSet/s3_3_4v02" time="0.000"></testcase>
    <testcase classname="github.com/lestrrat-go/helium-w3c-tests/xsd" name="TestXSD11W3C/ibmMeta/idIDREF.testSet/s3_3_4v03" time="0.000"></testcase>
    <testcase classname="github.com/lestrrat-go/helium-w3c-tests/xsd" name="TestXSD11W3C/ibmMeta/idIDREF.testSet/s3_3_4v04" time="0.000"></testcase>
    <testcase classname="github.com/lestrrat-go/helium-w3c-tests/xsd" name="TestXSD11W3C/ibmMeta/idIDREF.testSet/s3_3_4v05" time="0.000"></testcase>
    <testcase classname="github.com/lestrrat-go/helium-w3c-tests/xsd" name="TestXSD11W3C/ibmMeta/idIDREF.testSet/s3_3_4v06" time="0.000"></testcase>
    <testcase classname="github.com/lestrrat-go/helium-w3c-tests/xsd" name="TestXSD11W3C/ibmMeta/idIDREF.testSet/s3_3_4v07" time="0.000"></testcase>
    <testcase classname="github.com/lestrrat-go/helium-w3c-tests/xsd" name="TestXSD11W3C/ibmMeta/idIDREF.testSet/s3_3_4v08" time="0.000"></testcase>
    <testcase classname="github.com/lestrrat-go/helium-w3c-tests/xsd" name="TestXSD11W3C/ibmMeta/idIDREF.testSet/s3_3_4v09" time="0.000"></testcase>
    <testcase classname="github.com/lestrrat-go/helium-w3c-tests/xsd" name="TestXSD11W3C/ibmMeta/idIDREF.testSet/s3_3_4v10" time="0.000"></testcase>
    <testcase classname="github.com/lestrrat-go/helium-w3c-tests/xsd" name="TestXSD11W3C/ibmMeta/idIDREF.testSet/s3_3_4v11" time="0.000"></testcase>
    <testcase classname="github.com/lestrrat-go/helium-w3c-tests/xsd" name="TestXSD11W3C/ibmMeta/idIDREF.testSet/s3_3_4v12" time="0.000"></testcase>
    <testcase classname="github.com/lestrrat-go/helium-w3c-tests/xsd" name="TestXSD11W3C/ibmMeta/idIDREF.testSet/s3_3_4v13" time="0.000"></testcase>
    <testcase classname="github.com/lestrrat-go/helium-w3c-tests/xsd" name="TestXSD11W3C/ibmMeta/idIDREF.testSet/s3_3_4v14" time="0.000"></testcase>
    <testcase classname="github.com/lestrrat-go/helium-w3c-tests/xsd" name="TestXSD11W3C/ibmMeta/idIDREF.testSet/s3_3_4v15" time="0.000"></testcase>
    <testcase classname="github.com/lestrrat-go/helium-w3c-tests/xsd" name="TestXSD11W3C/ibmMeta/idIDREF.testSet/s3_3_4v16" time="0.000"></testcase>
    <testcase classname="github.com/lestrrat-go/helium-w3c-tests/xsd" name="TestXSD11W3C/ibmMeta/idIDREF.testSet/s3_3_4v17" time="0.000"></testcase>
    <testcase classname="github.com/lestrrat-go/helium-w3c-tests/xsd" name="TestXSD11W3C/ibmMeta/idIDREF.testSet/s3_3_4v18" time="0.000"></testcase>
    <testcase classname="github.com/lestrrat-go/helium-w3c-tests/xsd" name="TestXSD11W3C/ibmMeta/idIDREF.testSet/s3_3_4v19" time="0.000"></testcase>
    <testcase classname="github.com/lestrrat-go/helium-w3c-tests/xsd" name="TestXSD11W3C/ibmMeta/idIDREF.testSet/s3_3_4v20" time="0.000"></testcase>
    <testcase classname="github.com/lestrrat-go/helium-w3c-tests/xsd" name="TestXSD11W3C/ibmMeta/idIDREF.testSet/s3_3_4v21" time="0.000"></testcase>
    <testcase classname="github.com/lestrrat-go/helium-w3c-tests/xsd" name="TestXSD11W3C/ibmMeta/idIDREF.testSet/s3_3_4v22" time="0.000"></testcase>
    <testcase classname="github.com/lestrrat-go/helium-w3c-tests/xsd" name="TestXSD11W3C/ibmMeta/idIDREF.testSet/s3_3_4v23" time="0.000"></testcase>
    <testcase classname="github.com/lestrrat-go/helium-w3c-tests/xsd" name="TestXSD11W3C/ibmMeta/idIDREF.testSet/s3_3_4v24" time="0.000"></testcase>
    <testcase classname="github.com/lestrrat-go/helium-w3c-tests/xsd" name="TestXSD11W3C/ibmMeta/idIDREF.testSet/s3_3_4v25" time="0.000"></testcase>
    <testcase classname="github.com/lestrrat-go/helium-w3c-tests/xsd" name="TestXSD11W3C/ibmMeta/idIDREF.testSet/s3_3_4v26" time="0.000"></testcase>
    <testcase classname="github.com/lestrrat-go/helium-w3c-tests/xsd" name="TestXSD11W3C/ibmMeta/idIDREF.testSet/s3_3_4v27" time="0.000"></testcase>
    <testcase classname="github.com/lestrrat-go/helium-w3c-tests/xsd" name="TestXSD11W3C/ibmMeta/idIDREF.testSet/s3_3_4v28" time="0.000"></testcase>
    <testcase classname="github.com/lestrrat-go/helium-w3c-tests/xsd" name="TestXSD11W3C/ibmMeta/idIDREF.testSet/s3_3_4v29" time="0.000"></testcase>
    <testcase classname="github.com/lestrrat-go/helium-w3c-tests/xsd" name="TestXSD11W3C/ibmMeta/idIDREF.testSet/s3_3_4v30" time="0.000"></testcase>
    <testcase classname="github.com/lestrrat-go/helium-w3c-tests/xsd" name="TestXSD11W3C/ibmMeta/identityConstraint.testSet/s2_2_4ii01" time="0.000"></testcase>
    <testcase classname="github.com/lestrrat-go/helium-w3c-tests/xsd" name="TestXSD11W3C/ibmMeta/identityConstraint.testSet/s2_2_4ii02" time="0.000"></testcase>
    <testcase classname="github.com/lestrrat-go/helium-w3c-tests/xsd" name="TestXSD11W3C/ibmMeta/identityConstraint.testSet/s2_2_4ii03" time="0.000"></testcase>
    <testcase classname="github.com/lestrrat-go/helium-w3c-tests/xsd" name="TestXSD11W3C/ibmMeta/identityConstraint.testSet/s2_2_4si01" time="0.000"></testcase>
    <testcase classname="github.com/lestrrat-go/helium-w3c-tests/xsd" name="TestXSD11W3C/ibmMeta/identityConstraint.testSet/s2_2_4v01" time="0.000"></testcase>
    <testcase classname="github.com/lestrrat-go/helium-w3c-tests/xsd" name="TestXSD11W3C/ibmMeta/identityConstraint.testSet/s2_2_4v02" time="0.000"></testcase>
    <testcase classname="github.com/lestrrat-go/helium-w3c-tests/xsd" name="TestXSD11W3C/ibmMeta/identityConstraint.testSet/s2_2_4v03" time="0.000"></testcase>
    <testcase classname="github.com/lestrrat-go/helium-w3c-tests/xsd" name="TestXSD11W3C/ibmMeta/list.testSet/d2_4_1_2si01" time="0.000"></testcase>
    <testcase classname="github.com/lestrrat-go/helium-w3c-tests/xsd" name="TestXSD11W3C/ibmMeta/list.testSet/d2_4_1_2v01" time="0.000"></testcase>
    <testcase classname="github.com/lestrrat-go/helium-w3c-tests/xsd" name="TestXSD11W3C/ibmMeta/openContent.testSet/s3_4_1ii01" time="0.000"></testcase>
    <testcase classname="github.com/lestrrat-go/helium-w3c-tests/xsd" name="TestXSD11W3C/ibmMeta/openContent.testSet/s3_4_1ii02" time="0.000"></testcase>
    <testcase classname="github.com/lestrrat-go/helium-w3c-tests/xsd" name="TestXSD11W3C/ibmMeta/openContent.testSet/s3_4_1ii03" time="0.000"></testcase>
    <testcase classname="github.com/lestrrat-go/helium-w3c-tests/xsd" name="TestXSD11W3C/ibmMeta/openContent.testSet/s3_4_1ii04" time="0.000"></testcase>
    <testcase classname="github.com/lestrrat-go/helium-w3c-tests/xsd" name="TestXSD11W3C/ibmMeta/openContent.testSet/s3_4_1ii05" time="0.000"></testcase>
    <testcase classname="github.com/lestrrat-go/helium-w3c-tests/xsd" name="TestXSD11W3C/ibmMeta/openContent.testSet/s3_4_1si01" time="0.000"></testcase>
    <testcase classname="github.com/lestrrat-go/helium-w3c-tests/xsd" name="TestXSD11W3C/ibmMeta/openContent.testSet/s3_4_1si02" time="0.000"></testcase>
    <testcase classname="github.com/lestrrat-go/helium-w3c-tests/xsd" name="TestXSD11W3C/ibmMeta/openContent.testSet/s3_4_1si03" time="0.000"></testcase>
    <testcase classname="github.com/lestrrat-go/helium-w3c-tests/xsd" name="TestXSD11W3C/ibmMeta/openContent.testSet/s3_4_1si04" time="0.000"></testcase>
    <testcase classname="github.com/lestrrat-go/helium-w3c-tests/xsd" name="TestXSD11W3C/ibmMeta/openContent.testSet/s3_4_1si05" time="0.000"></testcase>
    <testcase classname="github.com/lestrrat-go/helium-w3c-tests/xsd" name="TestXSD11W3C/ibmMeta/openContent.testSet/s3_4_1si06" time="0.000"></testcase>
    <testcase classname="github.com/lestrrat-go/helium-w3c-tests/xsd" name="TestXSD11W3C/ibmMeta/openContent.testSet/s3_4_1si08" time="0.000"></testcase>
    <testcase classname="github.com/lestrrat-go/helium-w3c-tests/xsd" name="TestXSD11W3C/ibmMeta/openContent.testSet/s3_4_1si09" time="0.000"></testcase>
    <testcase classname="github.com/lestrrat-go/helium-w3c-tests/xsd" name="TestXSD11W3C/ibmMeta/openContent.testSet/s3_4_1v01" time="0.000"></testcase>
    <testcase classname="github.com/lestrrat-go/helium-w3c-tests/xsd" name="TestXSD11W3C/ibmMeta/openContent.testSet/s3_4_1v02" time="0.000"></testcase>
    <testcase classname="github.com/lestrrat-go/helium-w3c-tests/xsd" name="TestXSD11W3C/ibmMeta/openContent.testSet/s3_4_1v03" time="0.000"></testcase>
    <testcase classname="github.com/lestrrat-go/helium-w3c-tests/xsd" name="TestXSD11W3C/ibmMeta/openContent.testSet/s3_4_1v04" time="0.000"></testcase>
    <testcase classname="github.com/lestrrat-go/helium-w3c-tests/xsd" name="TestXSD11W3C/ibmMeta/openContent.testSet/s3_4_1v05" time="0.000"></testcase>
    <testcase classname="github.com/lestrrat-go/helium-w3c-tests/xsd" name="TestXSD11W3C/ibmMeta/openContent.testSet/s3_4_1v06" time="0.000"></testcase>
    <testcase classname="github.com/lestrrat-go/helium-w3c-tests/xsd" name="TestXSD11W3C/ibmMeta/openContent.testSet/s3_4_1v07" time="0.000"></testcase>
    <testcase classname="github.com/lestrrat-go/helium-w3c-tests/xsd" name="TestXSD11W3C/ibmMeta/openContent.testSet/s3_4_1v08" time="0.000"></testcase>
    <testcase classname="github.com/lestrrat-go/helium-w3c-tests/xsd" name="TestXSD11W3C/ibmMeta/openContent.testSet/s3_4_1v09" time="0.000"></testcase>
    <testcase classname="github.com/lestrrat-go/helium-w3c-tests/xsd" name="TestXSD11W3C/ibmMeta/openContent.testSet/s3_4_1v10" time="0.000"></testcase>
    <testcase classname="github.com/lestrrat-go/helium-w3c-tests/xsd" name="TestXSD11W3C/ibmMeta/openContent.testSet/s3_4_1v11" time="0.000"></testcase>
    <testcase classname="github.com/lestrrat-go/helium-w3c-tests/xsd" name="TestXSD11W3C/ibmMeta/regularExpression.testSet/d6_gii01" time="0.000"></testcase>
    <testcase classname="github.com/lestrrat-go/helium-w3c-tests/xsd" name="TestXSD11W3C/ibmMeta/regularExpression.testSet/d6_gii02" time="0.000"></testcase>
    <testcase classname="github.com/lestrrat-go/helium-w3c-tests/xsd" name="TestXSD11W3C/ibmMeta/regularExpression.testSet/d6_gii03" time="0.000"></testcase>
    <testcase classname="github.com/lestrrat-go/helium-w3c-tests/xsd" name="TestXSD11W3C/ibmMeta/regularExpression.testSet/d6_gii04" time="0.000"></testcase>
    <testcase classname="github.com/lestrrat-go/helium-w3c-tests/xsd" name="TestXSD11W3C/ibmMeta/regularExpression.testSet/d6_gv01" time="0.000"></testcase>
    <testcase classname="github.com/lestrrat-go/helium-w3c-tests/xsd" name="TestXSD11W3C/ibmMeta/regularExpression.testSet/d6_gv02" time="0.000"></testcase>
    <testcase classname="github.com/lestrrat-go/helium-w3c-tests/xsd" name="TestXSD11W3C/ibmMeta/regularExpression.testSet/d6_gv03" time="0.000"></testcase>
    <testcase classname="github.com/lestrrat-go/helium-w3c-tests/xsd" name="TestXSD11W3C/ibmMeta/regularExpression.testSet/d6_gv04" time="0.000"></testcase>
    <testcase classname="github.com/lestrrat-go/helium-w3c-tests/xsd" name="TestXSD11W3C/ibmMeta/restrictionOfComplexTypes.testSet/s3_4_6ii01" time="0.000"></testcase>
    <testcase classname="github.com/lestrrat-go/helium-w3c-tests/xsd" name="TestXSD11W3C/ibmMeta/restrictionOfComplexTypes.testSet/s3_4_6ii03" time="0.000"></testcase>
    <testcase classname="github.com/lestrrat-go/helium-w3c-tests/xsd" name="TestXSD11W3C/ibmMeta/restrictionOfComplexTypes.testSet/s3_4_6si01" time="0.000"></testcase>
    <testcase classname="github.com/lestrrat-go/helium-w3c-tests/xsd" name="TestXSD11W3C/ibmMeta/restrictionOfComplexTypes.testSet/s3_4_6si02" time="0.000"></testcase>
    <testcase classname="github.com/lestrrat-go/helium-w3c-tests/xsd" name="TestXSD11W3C/ibmMeta/restrictionOfComplexTypes.testSet/s3_4_6si03" time="0.000"></testcase>
    <testcase classname="github.com/lestrrat-go/helium-w3c-tests/xsd" name="TestXSD11W3C/ibmMeta/restrictionOfComplexTypes.testSet/s3_4_6si04" time="0.000"></testcase>
    <testcase classname="github.com/lestrrat-go/helium-w3c-tests/xsd" name="TestXSD11W3C/ibmMeta/restrictionOfComplexTypes.testSet/s3_4_6si05" time="0.000"></testcase>
    <testcase classname="github.com/lestrrat-go/helium-w3c-tests/xsd" name="TestXSD11W3C/ibmMeta/restrictionOfComplexTypes.testSet/s3_4_6si06" time="0.000"></testcase>
    <testcase classname="github.com/lestrrat-go/helium-w3c-tests/xsd" name="TestXSD11W3C/ibmMeta/restrictionOfComplexTypes.testSet/s3_4_6si07" time="0.000"></testcase>
    <testcase classname="github.com/lestrrat-go/helium-w3c-tests/xsd" name="TestXSD11W3C/ibmMeta/restrictionOfComplexTypes.testSet/s3_4_6v01" time="0.000"></testcase>
    <testcase classname="github.com/lestrrat-go/helium-w3c-tests/xsd" name="TestXSD11W3C/ibmMeta/restrictionOfComplexTypes.testSet/s3_4_6v04" time="0.000"></testcase>
    <testcase classname="github.com/lestrrat-go/helium-w3c-tests/xsd" name="TestXSD11W3C/ibmMeta/restrictionOfComplexTypes.testSet/s3_4_6v05" time="0.000"></testcase>
    <testcase classname="github.com/lestrrat-go/helium-w3c-tests/xsd" name="TestXSD11W3C/ibmMeta/restrictionOfComplexTypes.testSet/s3_4_6v08" time="0.000"></testcase>
    <testcase classname="github.com/lestrrat-go/helium-w3c-tests/xsd" name="TestXSD11W3C/ibmMeta/rf_whiteSpace.testSet/d4_3_6ii01" time="0.000"></testcase>
    <testcase classname="github.com/lestrrat-go/helium-w3c-tests/xsd" name="TestXSD11W3C/ibmMeta/rf_whiteSpace.testSet/d4_3_6v01" time="0.000"></testcase>
    <testcase classname="github.com/lestrrat-go/helium-w3c-tests/xsd" name="TestXSD11W3C/ibmMeta/substitutionGroup.testSet/s2_2_2si01" time="0.000"></testcase>
    <testcase classname="github.com/lestrrat-go/helium-w3c-tests/xsd" name="TestXSD11W3C/ibmMeta/substitutionGroup.testSet/s2_2_2si02" time="0.000"></testcase>
    <testcase classname="github.com/lestrrat-go/helium-w3c-tests/xsd" name="TestXSD11W3C/ibmMeta/substitutionGroup.testSet/s2_2_2v01" time="0.000"></testcase>
    <testcase classname="github.com/lestrrat-go/helium-w3c-tests/xsd" name="TestXSD11W3C/ibmMeta/substitutionGroup.testSet/s2_2_2v02" time="0.000"></testcase>
    <testcase classname="github.com/lestrrat-go/helium-w3c-tests/xsd" name="TestXSD11W3C/ibmMeta/substitutionGroup.testSet/s2_2_2v03" time="0.000"></testcase>
    <testcase classname="github.com/lestrrat-go/helium-w3c-tests/xsd" name="TestXSD11W3C/ibmMeta/targetNamespace.testSet/targetNamespace_004" time="0.000"></testcase>
    <testcase classname="github.com/lestrrat-go/helium-w3c-tests/xsd" name="TestXSD11W3C/ibmMeta/targetNamespace.testSet/targetNamespace_005" time="0.000"></testcase>
    <testcase classname="github.com/lestrrat-go/helium-w3c-tests/xsd" name="TestXSD11W3C/ibmMeta/time.testSet/d3_3_9v01" time="0.000"></testcase>
    <testcase classname="github.com/lestrrat-go/helium-w3c-tests/xsd" name="TestXSD11W3C/ibmMeta/typeAlternatives.testSet/s3_12ii01" time="0.000"></testcase>
    <testcase classname="github.com/lestrrat-go/helium-w3c-tests/xsd" name="TestXSD11W3C/ibmMeta/typeAlternatives.testSet/s3_12ii02" time="0.000"></testcase>
    <testcase classname="github.com/lestrrat-go/helium-w3c-tests/xsd" name="TestXSD11W3C/ibmMeta/typeAlternatives.testSet/s3_12ii03" time="0.000"></testcase>
    <testcase classname="github.com/lestrrat-go/helium-w3c-tests/xsd" name="TestXSD11W3C/ibmMeta/typeAlternatives.testSet/s3_12ii04" time="0.000"></testcase>
    <testcase classname="github.com/lestrrat-go/helium-w3c-tests/xsd" name="TestXSD11W3C/ibmMeta/typeAlternatives.testSet/s3_12ii05" time="0.000"></testcase>
    <testcase classname="github.com/lestrrat-go/helium-w3c-tests/xsd" name="TestXSD11W3C/ibmMeta/typeAlternatives.testSet/s3_12ii06" time="0.000"></testcase>
    <testcase classname="github.com/lestrrat-go/helium-w3c-tests/xsd" name="TestXSD11W3C/ibmMeta/typeAlternatives.testSet/s3_12si01" time="0.000"></testcase>
    <testcase classname="github.com/lestrrat-go/helium-w3c-tests/xsd" name="TestXSD11W3C/ibmMeta/typeAlternatives.testSet/s3_12si02" time="0.000"></testcase>
    <testcase classname="github.com/lestrrat-go/helium-w3c-tests/xsd" name="TestXSD11W3C/ibmMeta/typeAlternatives.testSet/s3_12si03" time="0.000"></testcase>
    <testcase classname="github.com/lestrrat-go/helium-w3c-tests/xsd" name="TestXSD11W3C/ibmMeta/typeAlternatives.testSet/s3_12si04" time="0.000"></testcase>
    <testcase classname="github.com/lestrrat-go/helium-w3c-tests/xsd" name="TestXSD11W3C/ibmMeta/typeAlternatives.testSet/s3_12si05" time="0.000"></testcase>
    <testcase classname="github.com/lestrrat-go/helium-w3c-tests/xsd" name="TestXSD11W3C/ibmMeta/typeAlternatives.testSet/s3_12si06" time="0.000"></testcase>
    <testcase classname="github.com/lestrrat-go/helium-w3c-tests/xsd" name="TestXSD11W3C/ibmMeta/typeAlternatives.testSet/s3_12v01" time="0.000"></testcase>
    <testcase classname="github.com/lestrrat-go/helium-w3c-tests/xsd" name="TestXSD11W3C/ibmMeta/typeAlternatives.testSet/s3_12v02" time="0.000"></testcase>
    <testcase classname="github.com/lestrrat-go/helium-w3c-tests/xsd" name="TestXSD11W3C/ibmMeta/typeAlternatives.testSet/s3_12v03" time="0.000"></testcase>
    <testcase classname="github.com/lestrrat-go/helium-w3c-tests/xsd" name="TestXSD11W3C/ibmMeta/typeAlternatives.testSet/s3_12v04" time="0.000"></testcase>
    <testcase classname="github.com/lestrrat-go/helium-w3c-tests/xsd" name="TestXSD11W3C/ibmMeta/typeAlternatives.testSet/s3_12v05" time="0.000"></testcase>
    <testcase classname="github.com/lestrrat-go/helium-w3c-tests/xsd" name="TestXSD11W3C/ibmMeta/typeAlternatives.testSet/s3_12v06" time="0.000"></testcase>
    <testcase classname="github.com/lestrrat-go/helium-w3c-tests/xsd" name="TestXSD11W3C/ibmMeta/typeAlternatives.testSet/s3_12v07" time="0.000"></testcase>
    <testcase classname="github.com/lestrrat-go/helium-w3c-tests/xsd" name="TestXSD11W3C/ibmMeta/typeAlternatives.testSet/s3_12v08" time="0.000"></testcase>
    <testcase classname="github.com/lestrrat-go/helium-w3c-tests/xsd" name="TestXSD11W3C/ibmMeta/typeAlternatives.testSet/s3_12v09" time="0.000"></testcase>
    <testcase classname="github.com/lestrrat-go/helium-w3c-tests/xsd" name="TestXSD11W3C/ibmMeta/typeAlternatives.testSet/s3_12v10" time="0.000"></testcase>
    <testcase classname="github.com/lestrrat-go/helium-w3c-tests/xsd" name="TestXSD11W3C/ibmMeta/typeAlternatives.testSet/s3_12v11" time="0.000"></testcase>
    <testcase classname="github.com/lestrrat-go/helium-w3c-tests/xsd" name="TestXSD11W3C/ibmMeta/typeAlternativesMixed.testSet/typeAlternatives_001" time="0.000"></testcase>
    <testcase classname="github.com/lestrrat-go/helium-w3c-tests/xsd" name="TestXSD11W3C/ibmMeta/typeAlternativesMixed.testSet/typeAlternatives_002" time="0.000"></testcase>
    <testcase classname="github.com/lestrrat-go/helium-w3c-tests/xsd" name="TestXSD11W3C/ibmMeta/typeAlternativesMixed.testSet/typeAlternatives_003" time="0.000"></testcase>
    <testcase classname="github.com/lestrrat-go/helium-w3c-tests/xsd" name="TestXSD11W3C/ibmMeta/typeAlternativesMixed.testSet/typeAlternatives_004" time="0.000"></testcase>
    <testcase classname="github.com/lestrrat-go/helium-w3c-tests/xsd" name="TestXSD11W3C/ibmMeta/typeAlternativesMixed.testSet/typeAlternatives_005" time="0.000"></testcase>
    <testcase classname="github.com/lestrrat-go/helium-w3c-tests/xsd" name="TestXSD11W3C/ibmMeta/typeAlternativesMixed.testSet/typeAlternatives_006" time="0.000"></testcase>
    <testcase classname="github.com/lestrrat-go/helium-w3c-tests/xsd" name="TestXSD11W3C/ibmMeta/union.testSet/s3_16_2ii01" time="0.000"></testcase>
    <testcase classname="github.com/lestrrat-go/helium-w3c-tests/xsd" name="TestXSD11W3C/ibmMeta/union.testSet/s3_16_2ii02" time="0.000"></testcase>
    <testcase classname="github.com/lestrrat-go/helium-w3c-tests/xsd" name="TestXSD11W3C/ibmMeta/union.testSet/s3_16_2ii03" time="0.000"></testcase>
    <testcase classname="github.com/lestrrat-go/helium-w3c-tests/xsd" name="TestXSD11W3C/ibmMeta/union.testSet/s3_16_2ii04" time="0.000"></testcase>
    <testcase classname="github.com/lestrrat-go/helium-w3c-tests/xsd" name="TestXSD11W3C/ibmMeta/union.testSet/s3_16_2ii05" time="0.000"></testcase>
    <testcase classname="github.com/lestrrat-go/helium-w3c-tests/xsd" name="TestXSD11W3C/ibmMeta/union.testSet/s3_16_2ii06" time="0.000"></testcase>
    <testcase classname="github.com/lestrrat-go/helium-w3c-tests/xsd" name="TestXSD11W3C/ibmMeta/union.testSet/s3_16_2ii07" time="0.000"></testcase>
    <testcase classname="github.com/lestrrat-go/helium-w3c-tests/xsd" name="TestXSD11W3C/ibmMeta/union.testSet/s3_16_2si01" time="0.000"></testcase>
    <testcase classname="github.com/lestrrat-go/helium-w3c-tests/xsd" name="TestXSD11W3C/ibmMeta/union.testSet/s3_16_2si02" time="0.000"></testcase>
    <testcase classname="github.com/lestrrat-go/helium-w3c-tests/xsd" name="TestXSD11W3C/ibmMeta/union.testSet/s3_16_2si03" time="0.000"></testcase>
    <testcase classname="github.com/lestrrat-go/helium-w3c-tests/xsd" name="TestXSD11W3C/ibmMeta/union.testSet/s3_16_2si04" time="0.000"></testcase>
    <testcase classname="github.com/lestrrat-go/helium-w3c-tests/xsd" name="TestXSD11W3C/ibmMeta/union.testSet/s3_16_2si05" time="0.000"></testcase>
    <testcase classname="github.com/lestrrat-go/helium-w3c-tests/xsd" name="TestXSD11W3C/ibmMeta/union.testSet/s3_16_2v01" time="0.000"></testcase>
    <testcase classname="github.com/lestrrat-go/helium-w3c-tests/xsd" name="TestXSD11W3C/ibmMeta/union.testSet/s3_16_2v02" time="0.000"></testcase>
    <testcase classname="github.com/lestrrat-go/helium-w3c-tests/xsd" name="TestXSD11W3C/ibmMeta/union.testSet/s3_16_2v03" time="0.000"></testcase>
    <testcase classname="github.com/lestrrat-go/helium-w3c-tests/xsd" name="TestXSD11W3C/ibmMeta/union.testSet/s3_16_2v04" time="0.000"></testcase>
    <testcase classname="github.com/lestrrat-go/helium-w3c-tests/xsd" name="TestXSD11W3C/ibmMeta/union.testSet/s3_16_2v05" time="0.000"></testcase>
    <testcase classname="github.com/lestrrat-go/helium-w3c-tests/xsd" name="TestXSD11W3C/ibmMeta/union.testSet/s3_16_2v06" time="0.000"></testcase>
    <testcase classname="github.com/lestrrat-go/helium-w3c-tests/xsd" name="TestXSD11W3C/ibmMeta/unitsLength.testSet/d2_4_1_2ii01" time="0.000"></testcase>
    <testcase classname="github.com/lestrrat-go/helium-w3c-tests/xsd" name="TestXSD11W3C/ibmMeta/unitsLength.testSet/d3_1si01" time="0.000"></testcase>
    <testcase classname="github.com/lestrrat-go/helium-w3c-tests/xsd" name="TestXSD11W3C/ibmMeta/unitsLength.testSet/d3_3_16ii01" time="0.000"></testcase>
    <testcase classname="github.com/lestrrat-go/helium-w3c-tests/xsd" name="TestXSD11W3C/ibmMeta/unitsLength.testSet/d3_3_16ii02" time="0.000"></testcase>
    <testcase classname="github.com/lestrrat-go/helium-w3c-tests/xsd" name="TestXSD11W3C/ibmMeta/unitsLength.testSet/d3_3_17ii01" time="0.000"></testcase>
    <testcase classname="github.com/lestrrat-go/helium-w3c-tests/xsd" name="TestXSD11W3C/ibmMeta/unitsLength.testSet/d3_3_17v01" time="0.000"></testcase>
    <testcase classname="github.com/lestrrat-go/helium-w3c-tests/xsd" name="TestXSD11W3C/ibmMeta/unsignedInteger.testSet/d3_4_21ii01" time="0.000"></testcase>
    <testcase classname="github.com/lestrrat-go/helium-w3c-tests/xsd" name="TestXSD11W3C/ibmMeta/unsignedInteger.testSet/d3_4_21v01" time="0.000"></testcase>
    <testcase classname="github.com/lestrrat-go/helium-w3c-tests/xsd" name="TestXSD11W3C/ibmMeta/unsignedInteger.testSet/d3_4_22ii01" time="0.000"></testcase>
    <testcase classname="github.com/lestrrat-go/helium-w3c-tests/xsd" name="TestXSD11W3C/ibmMeta/unsignedInteger.testSet/d3_4_22v01" time="0.000"></testcase>
    <testcase classname="github.com/lestrrat-go/helium-w3c-tests/xsd" name="TestXSD11W3C/ibmMeta/unsignedInteger.testSet/d3_4_23ii01" time="0.000"></testcase>
    <testcase classname="github.com/lestrrat-go/helium-w3c-tests/xsd" name="TestXSD11W3C/ibmMeta/unsignedInteger.testSet/d3_4_23v01" time="0.000"></testcase>
    <testcase classname="github.com/lestrrat-go/helium-w3c-tests/xsd" name="TestXSD11W3C/ibmMeta/unsignedInteger.testSet/d3_4_24ii01" time="0.000"></testcase>
    <testcase classname="github.com/lestrrat-go/helium-w3c-tests/xsd" name="TestXSD11W3C/ibmMeta/unsignedInteger.testSet/d3_4_24v01" time="0.000"></testcase>
    <testcase classname="github.com/lestrrat-go/helium-w3c-tests/xsd" name="TestXSD11W3C/ibmMeta/vc.testSet/vc_001" time="0.000"></testcase>
    <testcase classname="github.com/lestrrat-go/helium-w3c-tests/xsd" name="TestXSD11W3C/ibmMeta/vc.testSet/vc_003" time="0.000"></testcase>
    <testcase classname="github.com/lestrrat-go/helium-w3c-tests/xsd" name="TestXSD11W3C/ibmMeta/vc.testSet/vc_005" time="0.000"></testcase>
    <testcase classname="github.com/lestrrat-go/helium-w3c-tests/xsd" name="TestXSD11W3C/ibmMeta/vc.testSet/vc_007" time="0.000"></testcase>
    <testcase classname="github.com/lestrrat-go/helium-w3c-tests/xsd" name="TestXSD11W3C/ibmMeta/vc.testSet/vc_008" time="0.000"></testcase>
    <testcase classname="github.com/lestrrat-go/helium-w3c-tests/xsd" name="TestXSD11W3C/ibmMeta/vc.testSet/vc_009" time="0.000"></testcase>
    <testcase classname="github.com/lestrrat-go/helium-w3c-tests/xsd" name="TestXSD11W3C/ibmMeta/wildcard.testSet/s3_10_1ii02" time="0.000"></testcase>
    <testcase classname="github.com/lestrrat-go/helium-w3c-tests/xsd" name="TestXSD11W3C/ibmMeta/wildcard.testSet/s3_10_1ii06" time="0.000"></testcase>
    <testcase classname="github.com/lestrrat-go/helium-w3c-tests/xsd" name="TestXSD11W3C/ibmMeta/wildcard.testSet/s3_10_1v01" time="0.000"></testcase>
    <testcase classname="github.com/lestrrat-go/helium-w3c-tests/xsd" name="TestXSD11W3C/ibmMeta/wildcard.testSet/s3_10_1v02" time="0.000"></testcase>
    <testcase classname="github.com/lestrrat-go/helium-w3c-tests/xsd" name="TestXSD11W3C/ibmMeta/wildcard.testSet/s3_10_1v03" time="0.000"></testcase>
    <testcase classname="github.com/lestrrat-go/helium-w3c-tests/xsd" name="TestXSD11W3C/ibmMeta/wildcard.testSet/s3_10_1v04" time="0.000"></testcase>
    <testcase classname="github.com/lestrrat-go/helium-w3c-tests/xsd" name="TestXSD11W3C/ibmMeta/wildcard.testSet/s3_10_1v05" time="0.000"></testcase>
    <testcase classname="github.com/lestrrat-go/helium-w3c-tests/xsd" name="TestXSD11W3C/ibmMeta/wildcard.testSet/s3_10_1v06" time="0.000"></testcase>
    <testcase classname="github.com/lestrrat-go/helium-w3c-tests/xsd" name="TestXSD11W3C/ibmMeta/wildcard.testSet/s3_10_1v07" time="0.000"></testcase>
    <testcase classname="github.com/lestrrat-go/helium-w3c-tests/xsd" name="TestXSD11W3C/ibmMeta/xml11Support.testSet/d3_4_6v01" time="0.000"></testcase>
    <testcase classname="github.com/lestrrat-go/helium-w3c-tests/xsd" name="TestXSD11W3C/ibmMeta/xml11Support.testSet/d3_4_6v02" time="0.000"></testcase>
    <testcase classname="github.com/lestrrat-go/helium-w3c-tests/xsd" name="TestXSD11W3C/ibmMeta/xml11Support.testSet/d3_4_6v03" time="0.000"></testcase>
    <testcase classname="github.com/lestrrat-go/helium-w3c-tests/xsd" name="TestXSD11W3C/ibmMeta/xml11Support.testSet/d3_4_6v04" time="0.000"></testcase>
    <testcase classname="github.com/lestrrat-go/helium-w3c-tests/xsd" name="TestXSD11W3C/ibmMeta/xml11Support.testSet/d3_4_6v05" time="0.000"></testcase>
    <testcase classname="github.com/lestrrat-go/helium-w3c-tests/xsd" name="TestXSD11W3C/ibmMeta/xml11Support.testSet/d3_4_6v06" time="0.000"></testcase>
    <testcase classname="github.com/lestrrat-go/helium-w3c-tests/xsd" name="TestXSD11W3C/ibmMeta/xml11Support.testSet/d3_4_6v07" time="0.000"></testcase>
    <testcase classname="github.com/lestrrat-go/helium-w3c-tests/xsd" name="TestXSD11W3C/ibmMeta/xpathDefaultNSonKeyKeyRefUnique.testSet/s3_11_2ii01" time="0.000"></testcase>
    <testcase classname="github.com/lestrrat-go/helium-w3c-tests/xsd" name="TestXSD11W3C/ibmMeta/xpathDefaultNSonKeyKeyRefUnique.testSet/s3_11_2ii02" time="0.000"></testcase>
    <testcase classname="github.com/lestrrat-go/helium-w3c-tests/xsd" name="TestXSD11W3C/ibmMeta/xpathDefaultNSonKeyKeyRefUnique.testSet/s3_11_2ii03" time="0.000"></testcase>
    <testcase classname="github.com/lestrrat-go/helium-w3c-tests/xsd" name="TestXSD11W3C/ibmMeta/xpathDefaultNSonKeyKeyRefUnique.testSet/s3_11_2ii04" time="0.000"></testcase>
    <testcase classname="github.com/lestrrat-go/helium-w3c-tests/xsd" name="TestXSD11W3C/ibmMeta/xpathDefaultNSonKeyKeyRefUnique.testSet/s3_11_2ii05" time="0.000"></testcase>
    <testcase classname="github.com/lestrrat-go/helium-w3c-tests/xsd" name="TestXSD11W3C/ibmMeta/xpathDefaultNSonKeyKeyRefUnique.testSet/s3_11_2ii06" time="0.000"></testcase>
    <testcase classname="github.com/lestrrat-go/helium-w3c-tests/xsd" name="TestXSD11W3C/ibmMeta/xpathDefaultNSonKeyKeyRefUnique.testSet/s3_11_2ii07" time="0.000"></testcase>
    <testcase classname="github.com/lestrrat-go/helium-w3c-tests/xsd" name="TestXSD11W3C/ibmMeta/xpathDefaultNSonKeyKeyRefUnique.testSet/s3_11_2v01" time="0.000"></testcase>
    <testcase classname="github.com/lestrrat-go/helium-w3c-tests/xsd" name="TestXSD11W3C/ibmMeta/xpathDefaultNSonKeyKeyRefUnique.testSet/s3_11_2v02" time="0.000"></testcase>
    <testcase classname="github.com/lestrrat-go/helium-w3c-tests/xsd" name="TestXSD11W3C/ibmMeta/xpathDefaultNSonKeyKeyRefUnique.testSet/s3_11_2v03" time="0.000"></testcase>
    <testcase classname="github.com/lestrrat-go/helium-w3c-tests/xsd" name="TestXSD11W3C/ibmMeta/xpathDefaultNSonKeyKeyRefUnique.testSet/s3_11_2v04" time="0.000"></testcase>
    <testcase classname="github.com/lestrrat-go/helium-w3c-tests/xsd" name="TestXSD11W3C/ibmMeta/xpathDefaultNSonKeyKeyRefUnique.testSet/s3_11_2v05" time="0.000"></testcase>
    <testcase classname="github.com/lestrrat-go/helium-w3c-tests/xsd" name="TestXSD11W3C/ibmMeta/xpathDefaultNSonKeyKeyRefUnique.testSet/s3_11_2v06" time="0.000"></testcase>
    <testcase classname="github.com/lestrrat-go/helium-w3c-tests/xsd" name="TestXSD11W3C/ibmMeta/xsImportReference.testSet/s4_2_6si01" time="0.000"></testcase>
    <testcase classname="github.com/lestrrat-go/helium-w3c-tests/xsd" name="TestXSD11W3C/ibmMeta/yearMonthDuration.testSet/d3_4_26ii01" time="0.000"></testcase>
    <testcase classname="github.com/lestrrat-go/helium-w3c-tests/xsd" name="TestXSD11W3C/ibmMeta/yearMonthDuration.testSet/d3_4_26ii02" time="0.000"></testcase>
    <testcase classname="github.com/lestrrat-go/helium-w3c-tests/xsd" name="TestXSD11W3C/ibmMeta/yearMonthDuration.testSet/d3_4_26ii03" time="0.000"></testcase>
    <testcase classname="github.com/lestrrat-go/helium-w3c-tests/xsd" name="TestXSD11W3C/ibmMeta/yearMonthDuration.testSet/d3_4_26ii04" time="0.000"></testcase>
    <testcase classname="github.com/lestrrat-go/helium-w3c-tests/xsd" name="TestXSD11W3C/ibmMeta/yearMonthDuration.testSet/d3_4_26ii05" time="0.000"></testcase>
    <testcase classname="github.com/lestrrat-go/helium-w3c-tests/xsd" name="TestXSD11W3C/ibmMeta/yearMonthDuration.testSet/d3_4_26ii06" time="0.000"></testcase>
    <testcase classname="github.com/lestrrat-go/helium-w3c-tests/xsd" name="TestXSD11W3C/ibmMeta/yearMonthDuration.testSet/d3_4_26ii07" time="0.000"></testcase>
    <testcase classname="github.com/lestrrat-go/helium-w3c-tests/xsd" name="TestXSD11W3C/ibmMeta/yearMonthDuration.testSet/d3_4_26si01" time="0.000"></testcase>
    <testcase classname="github.com/lestrrat-go/helium-w3c-tests/xsd" name="TestXSD11W3C/ibmMeta/yearMonthDuration.testSet/d3_4_26si02" time="0.000"></testcase>
    <testcase classname="github.com/lestrrat-go/helium-w3c-tests/xsd" name="TestXSD11W3C/ibmMeta/yearMonthDuration.testSet/d3_4_26si03" time="0.000"></testcase>
    <testcase classname="github.com/lestrrat-go/helium-w3c-tests/xsd" name="TestXSD11W3C/ibmMeta/yearMonthDuration.testSet/d3_4_26si04" time="0.000"></testcase>
    <testcase classname="github.com/lestrrat-go/helium-w3c-tests/xsd" name="TestXSD11W3C/ibmMeta/yearMonthDuration.testSet/d3_4_26si05" time="0.000"></testcase>
    <testcase classname="github.com/lestrrat-go/helium-w3c-tests/xsd" name="TestXSD11W3C/ibmMeta/yearMonthDuration.testSet/d3_4_26si06" time="0.000"></testcase>
    <testcase classname="github.com/lestrrat-go/helium-w3c-tests/xsd" name="TestXSD11W3C/ibmMeta/yearMonthDuration.testSet/d3_4_26si07" time="0.000"></testcase>
    <testcase classname="github.com/lestrrat-go/helium-w3c-tests/xsd" name="TestXSD11W3C/ibmMeta/yearMonthDuration.testSet/d3_4_26si08" time="0.000"></testcase>
    <testcase classname="github.com/lestrrat-go/helium-w3c-tests/xsd" name="TestXSD11W3C/ibmMeta/yearMonthDuration.testSet/d3_4_26si09" time="0.000"></testcase>
    <testcase classname="github.com/lestrrat-go/helium-w3c-tests/xsd" name="TestXSD11W3C/ibmMeta/yearMonthDuration.testSet/d3_4_26si10" time="0.000"></testcase>
    <testcase classname="github.com/lestrrat-go/helium-w3c-tests/xsd" name="TestXSD11W3C/ibmMeta/yearMonthDuration.testSet/d3_4_26si11" time="0.000"></testcase>
    <testcase classname="github.com/lestrrat-go/helium-w3c-tests/xsd" name="TestXSD11W3C/ibmMeta/yearMonthDuration.testSet/d3_4_26si12" time="0.000"></testcase>
    <testcase classname="github.com/lestrrat-go/helium-w3c-tests/xsd" name="TestXSD11W3C/ibmMeta/yearMonthDuration.testSet/d3_4_26v01" time="0.000"></testcase>
    <testcase classname="github.com/lestrrat-go/helium-w3c-tests/xsd" name="TestXSD11W3C/ibmMeta/yearMonthDuration.testSet/d3_4_26v02" time="0.000"></testcase>
    <testcase classname="github.com/lestrrat-go/helium-w3c-tests/xsd" name="TestXSD11W3C/ibmMeta/yearMonthDuration.testSet/d3_4_26v03" time="0.000"></testcase>
    <testcase classname="github.com/lestrrat-go/helium-w3c-tests/xsd" name="TestXSD11W3C/ibmMeta/yearMonthDuration.testSet/d3_4_26v04" time="0.000"></testcase>
    <testcase classname="github.com/lestrrat-go/helium-w3c-tests/xsd" name="TestXSD11W3C/ibmMeta/yearMonthDuration.testSet/d3_4_26v05" time="0.000"></testcase>
    <testcase classname="github.com/lestrrat-go/helium-w3c-tests/xsd" name="TestXSD11W3C/ibmMeta/yearMonthDuration.testSet/d3_4_26v06" time="0.000"></testcase>
    <testcase classname="github.com/lestrrat-go/helium-w3c-tests/xsd" name="TestXSD11W3C/oracleMeta/Zone.testSet/zone401" time="0.000"></testcase>
    <testcase classname="github.com/lestrrat-go/helium-w3c-tests/xsd" name="TestXSD11W3C/oracleMeta/Zone.testSet/zone402" time="0.000"></testcase>
    <testcase classname="github.com/lestrrat-go/helium-w3c-tests/xsd" name="TestXSD11W3C/oracleMeta/Zone.testSet/zone403" time="0.000"></testcase>
    <testcase classname="github.com/lestrrat-go/helium-w3c-tests/xsd" name="TestXSD11W3C/oracleMeta/Zone.testSet/zone404" time="0.000"></testcase>
    <testcase classname="github.com/lestrrat-go/helium-w3c-tests/xsd" name="TestXSD11W3C/oracleMeta/Zone.testSet/zone405" time="0.000"></testcase>
    <testcase classname="github.com/lestrrat-go/helium-w3c-tests/xsd" name="TestXSD11W3C/oracleMeta/Zone.testSet/zone406" time="0.000"></testcase>
    <testcase classname="github.com/lestrrat-go/helium-w3c-tests/xsd" name="TestXSD11W3C/oracleMeta/Zone.testSet/zone407" time="0.000"></testcase>
    <testcase classname="github.com/lestrrat-go/helium-w3c-tests/xsd" name="TestXSD11W3C/oracleMeta/Zone.testSet/zone408" time="0.000"></testcase>
    <testcase classname="github.com/lestrrat-go/helium-w3c-tests/xsd" name="TestXSD11W3C/oracleMeta/Zone.testSet/zone409" time="0.000"></testcase>
    <testcase classname="github.com/lestrrat-go/helium-w3c-tests/xsd" name="TestXSD11W3C/saxonMeta/All.testSet/all001" time="0.000"></testcase>
    <testcase classname="github.com/lestrrat-go/helium-w3c-tests/xsd" name="TestXSD11W3C/saxonMeta/All.testSet/all002" time="0.000"></testcase>
    <testcase classname="github.com/lestrrat-go/helium-w3c-tests/xsd" name="TestXSD11W3C/saxonMeta/All.testSet/all003" time="0.000"></testcase>
    <testcase classname="github.com/lestrrat-go/helium-w3c-tests/xsd" name="TestXSD11W3C/saxonMeta/All.testSet/all004" time="0.000"></testcase>
    <testcase classname="github.com/lestrrat-go/helium-w3c-tests/xsd" name="TestXSD11W3C/saxonMeta/All.testSet/all005" time="0.000"></testcase>
    <testcase classname="github.com/lestrrat-go/helium-w3c-tests/xsd" name="TestXSD11W3C/saxonMeta/All.testSet/all006" time="0.000"></testcase>
    <testcase classname="github.com/lestrrat-go/helium-w3c-tests/xsd" name="TestXSD11W3C/saxonMeta/All.testSet/all007" time="0.000"></testcase>
    <testcase classname="github.com/lestrrat-go/helium-w3c-tests/xsd" name="TestXSD11W3C/saxonMeta/All.testSet/all008" time="0.000"></testcase>
    <testcase classname="github.com/lestrrat-go/helium-w3c-tests/xsd" name="TestXSD11W3C/saxonMeta/All.testSet/all009" time="0.000"></testcase>
    <testcase classname="github.com/lestrrat-go/helium-w3c-tests/xsd" name="TestXSD11W3C/saxonMeta/All.testSet/all010" time="0.000"></testcase>
    <testcase classname="github.com/lestrrat-go/helium-w3c-tests/xsd" name="TestXSD11W3C/saxonMeta/All.testSet/all011" time="0.000"></testcase>
    <testcase classname="github.com/lestrrat-go/helium-w3c-tests/xsd" name="TestXSD11W3C/saxonMeta/All.testSet/all201" time="0.000"></testcase>
    <testcase classname="github.com/lestrrat-go/helium-w3c-tests/xsd" name="TestXSD11W3C/saxonMeta/All.testSet/all202" time="0.000"></testcase>
    <testcase classname="github.com/lestrrat-go/helium-w3c-tests/xsd" name="TestXSD11W3C/saxonMeta/All.testSet/all203" time="0.000"></testcase>
    <testcase classname="github.com/lestrrat-go/helium-w3c-tests/xsd" name="TestXSD11W3C/saxonMeta/All.testSet/all204" time="0.000"></testcase>
    <testcase classname="github.com/lestrrat-go/helium-w3c-tests/xsd" name="TestXSD11W3C/saxonMeta/All.testSet/all205" time="0.000"></testcase>
    <testcase classname="github.com/lestrrat-go/helium-w3c-tests/xsd" name="TestXSD11W3C/saxonMeta/All.testSet/all206" time="0.000"></testcase>
    <testcase classname="github.com/lestrrat-go/helium-w3c-tests/xsd" name="TestXSD11W3C/saxonMeta/All.testSet/all211" time="0.000"></testcase>
    <testcase classname="github.com/lestrrat-go/helium-w3c-tests/xsd" name="TestXSD11W3C/saxonMeta/All.testSet/all212" time="0.000"></testcase>
    <testcase classname="github.com/lestrrat-go/helium-w3c-tests/xsd" name="TestXSD11W3C/saxonMeta/All.testSet/all213" time="0.000"></testcase>
    <testcase classname="github.com/lestrrat-go/helium-w3c-tests/xsd" name="TestXSD11W3C/saxonMeta/All.testSet/all214" time="0.000"></testcase>
    <testcase classname="github.com/lestrrat-go/helium-w3c-tests/xsd" name="TestXSD11W3C/saxonMeta/All.testSet/all215" time="0.000"></testcase>
[...]
    <testcase classname="github.com/lestrrat-go/helium-w3c-tests/xsd" name="TestXSD11W3C/saxonMeta/TargetNS.testSet/target004" time="0.000"></testcase>
    <testcase classname="github.com/lestrrat-go/helium-w3c-tests/xsd" name="TestXSD11W3C/saxonMeta/TargetNS.testSet/target007" time="0.000"></testcase>
    <testcase classname="github.com/lestrrat-go/helium-w3c-tests/xsd" name="TestXSD11W3C/saxonMeta/VC.testSet/vc003" time="0.000"></testcase>
    <testcase classname="github.com/lestrrat-go/helium-w3c-tests/xsd" name="TestXSD11W3C/saxonMeta/VC.testSet/vc004" time="0.000"></testcase>
    <testcase classname="github.com/lestrrat-go/helium-w3c-tests/xsd" name="TestXSD11W3C/saxonMeta/VC.testSet/vc005" time="0.000"></testcase>
    <testcase classname="github.com/lestrrat-go/helium-w3c-tests/xsd" name="TestXSD11W3C/saxonMeta/VC.testSet/vc006" time="0.000"></testcase>
    <testcase classname="github.com/lestrrat-go/helium-w3c-tests/xsd" name="TestXSD11W3C/saxonMeta/VC.testSet/vc007" time="0.000"></testcase>
    <testcase classname="github.com/lestrrat-go/helium-w3c-tests/xsd" name="TestXSD11W3C/saxonMeta/VC.testSet/vc008" time="0.000"></testcase>
    <testcase classname="github.com/lestrrat-go/helium-w3c-tests/xsd" name="TestXSD11W3C/saxonMeta/VC.testSet/vc009" time="0.000"></testcase>
    <testcase classname="github.com/lestrrat-go/helium-w3c-tests/xsd" name="TestXSD11W3C/saxonMeta/VC.testSet/vc010" time="0.000"></testcase>
    <testcase classname="github.com/lestrrat-go/helium-w3c-tests/xsd" name="TestXSD11W3C/saxonMeta/VC.testSet/vc011" time="0.000"></testcase>
    <testcase classname="github.com/lestrrat-go/helium-w3c-tests/xsd" name="TestXSD11W3C/saxonMeta/VC.testSet/vc012" time="0.000"></testcase>
    <testcase classname="github.com/lestrrat-go/helium-w3c-tests/xsd" name="TestXSD11W3C/saxonMeta/VC.testSet/vc013" time="0.000"></testcase>
    <testcase classname="github.com/lestrrat-go/helium-w3c-tests/xsd" name="TestXSD11W3C/saxonMeta/VC.testSet/vc020" time="0.000"></testcase>
    <testcase classname="github.com/lestrrat-go/helium-w3c-tests/xsd" name="TestXSD11W3C/saxonMeta/VC.testSet/vc021" time="0.000"></testcase>
    <testcase classname="github.com/lestrrat-go/helium-w3c-tests/xsd" name="TestXSD11W3C/saxonMeta/VC.testSet/vc022" time="0.000"></testcase>
    <testcase classname="github.com/lestrrat-go/helium-w3c-tests/xsd" name="TestXSD11W3C/saxonMeta/VC.testSet/vc023" time="0.000"></testcase>
    <testcase classname="github.com/lestrrat-go/helium-w3c-tests/xsd" name="TestXSD11W3C/saxonMeta/VC.testSet/vc901" time="0.000"></testcase>
    <testcase classname="github.com/lestrrat-go/helium-w3c-tests/xsd" name="TestXSD11W3C/saxonMeta/VC.testSet/vc903" time="0.000"></testcase>
    <testcase classname="github.com/lestrrat-go/helium-w3c-tests/xsd" name="TestXSD11W3C/saxonMeta/VC.testSet/vc904" time="0.000"></testcase>
    <testcase classname="github.com/lestrrat-go/helium-w3c-tests/xsd" name="TestXSD11W3C/saxonMeta/VC.testSet/vc905" time="0.000"></testcase>
    <testcase classname="github.com/lestrrat-go/helium-w3c-tests/xsd" name="TestXSD11W3C/saxonMeta/Wild.testSet/wild001" time="0.000"></testcase>
    <testcase classname="github.com/lestrrat-go/helium-w3c-tests/xsd" name="TestXSD11W3C/saxonMeta/Wild.testSet/wild002" time="0.000"></testcase>
    <testcase classname="github.com/lestrrat-go/helium-w3c-tests/xsd" name="TestXSD11W3C/saxonMeta/Wild.testSet/wild003" time="0.000"></testcase>
    <testcase classname="github.com/lestrrat-go/helium-w3c-tests/xsd" name="TestXSD11W3C/saxonMeta/Wild.testSet/wild004" time="0.000"></testcase>
    <testcase classname="github.com/lestrrat-go/helium-w3c-tests/xsd" name="TestXSD11W3C/saxonMeta/Wild.testSet/wild005" time="0.000"></testcase>
    <testcase classname="github.com/lestrrat-go/helium-w3c-tests/xsd" name="TestXSD11W3C/saxonMeta/Wild.testSet/wild006" time="0.000"></testcase>
    <testcase classname="github.com/lestrrat-go/helium-w3c-tests/xsd" name="TestXSD11W3C/saxonMeta/Wild.testSet/wild007" time="0.000"></testcase>
    <testcase classname="github.com/lestrrat-go/helium-w3c-tests/xsd" name="TestXSD11W3C/saxonMeta/Wild.testSet/wild008" time="0.000"></testcase>
    <testcase classname="github.com/lestrrat-go/helium-w3c-tests/xsd" name="TestXSD11W3C/saxonMeta/Wild.testSet/wild009" time="0.000"></testcase>
    <testcase classname="github.com/lestrrat-go/helium-w3c-tests/xsd" name="TestXSD11W3C/saxonMeta/Wild.testSet/wild010" time="0.000"></testcase>
    <testcase classname="github.com/lestrrat-go/helium-w3c-tests/xsd" name="TestXSD11W3C/saxonMeta/Wild.testSet/wild011" time="0.000"></testcase>
    <testcase classname="github.com/lestrrat-go/helium-w3c-tests/xsd" name="TestXSD11W3C/saxonMeta/Wild.testSet/wild012" time="0.000"></testcase>
    <testcase classname="github.com/lestrrat-go/helium-w3c-tests/xsd" name="TestXSD11W3C/saxonMeta/Wild.testSet/wild013" time="0.000"></testcase>
    <testcase classname="github.com/lestrrat-go/helium-w3c-tests/xsd" name="TestXSD11W3C/saxonMeta/Wild.testSet/wild014" time="0.000"></testcase>
    <testcase classname="github.com/lestrrat-go/helium-w3c-tests/xsd" name="TestXSD11W3C/saxonMeta/Wild.testSet/wild015" time="0.000"></testcase>
    <testcase classname="github.com/lestrrat-go/helium-w3c-tests/xsd" name="TestXSD11W3C/saxonMeta/Wild.testSet/wild016" time="0.000"></testcase>
    <testcase classname="github.com/lestrrat-go/helium-w3c-tests/xsd" name="TestXSD11W3C/saxonMeta/Wild.testSet/wild017" time="0.000"></testcase>
    <testcase classname="github.com/lestrrat-go/helium-w3c-tests/xsd" name="TestXSD11W3C/saxonMeta/Wild.testSet/wild018" time="0.000"></testcase>
    <testcase classname="github.com/lestrrat-go/helium-w3c-tests/xsd" name="TestXSD11W3C/saxonMeta/Wild.testSet/wild019" time="0.000"></testcase>
    <testcase classname="github.com/lestrrat-go/helium-w3c-tests/xsd" name="TestXSD11W3C/saxonMeta/Wild.testSet/wild020" time="0.000"></testcase>
    <testcase classname="github.com/lestrrat-go/helium-w3c-tests/xsd" name="TestXSD11W3C/saxonMeta/Wild.testSet/wild021" time="0.000"></testcase>
    <testcase classname="github.com/lestrrat-go/helium-w3c-tests/xsd" name="TestXSD11W3C/saxonMeta/Wild.testSet/wild022" time="0.000"></testcase>
    <testcase classname="github.com/lestrrat-go/helium-w3c-tests/xsd" name="TestXSD11W3C/saxonMeta/Wild.testSet/wild023" time="0.000"></testcase>
    <testcase classname="github.com/lestrrat-go/helium-w3c-tests/xsd" name="TestXSD11W3C/saxonMeta/Wild.testSet/wild024" time="0.000"></testcase>
    <testcase classname="github.com/lestrrat-go/helium-w3c-tests/xsd" name="TestXSD11W3C/saxonMeta/Wild.testSet/wild025" time="0.000"></testcase>
    <testcase classname="github.com/lestrrat-go/helium-w3c-tests/xsd" name="TestXSD11W3C/saxonMeta/Wild.testSet/wild026" time="0.000"></testcase>
    <testcase classname="github.com/lestrrat-go/helium-w3c-tests/xsd" name="TestXSD11W3C/saxonMeta/Wild.testSet/wild027" time="0.000"></testcase>
    <testcase classname="github.com/lestrrat-go/helium-w3c-tests/xsd" name="TestXSD11W3C/saxonMeta/Wild.testSet/wild028" time="0.000"></testcase>
    <testcase classname="github.com/lestrrat-go/helium-w3c-tests/xsd" name="TestXSD11W3C/saxonMeta/Wild.testSet/wild029" time="0.000"></testcase>
    <testcase classname="github.com/lestrrat-go/helium-w3c-tests/xsd" name="TestXSD11W3C/saxonMeta/Wild.testSet/wild030" time="0.000"></testcase>
    <testcase classname="github.com/lestrrat-go/helium-w3c-tests/xsd" name="TestXSD11W3C/saxonMeta/Wild.testSet/wild031" time="0.000"></testcase>
    <testcase classname="github.com/lestrrat-go/helium-w3c-tests/xsd" name="TestXSD11W3C/saxonMeta/Wild.testSet/wild032" time="0.000"></testcase>
    <testcase classname="github.com/lestrrat-go/helium-w3c-tests/xsd" name="TestXSD11W3C/saxonMeta/Wild.testSet/wild033" time="0.000"></testcase>
    <testcase classname="github.com/lestrrat-go/helium-w3c-tests/xsd" name="TestXSD11W3C/saxonMeta/Wild.testSet/wild034" time="0.000"></testcase>
    <testcase classname="github.com/lestrrat-go/helium-w3c-tests/xsd" name="TestXSD11W3C/saxonMeta/Wild.testSet/wild035" time="0.000"></testcase>
    <testcase classname="github.com/lestrrat-go/helium-w3c-tests/xsd" name="TestXSD11W3C/saxonMeta/Wild.testSet/wild036" time="0.000"></testcase>
    <testcase classname="github.com/lestrrat-go/helium-w3c-tests/xsd" name="TestXSD11W3C/saxonMeta/Wild.testSet/wild037" time="0.000"></testcase>
    <testcase classname="github.com/lestrrat-go/helium-w3c-tests/xsd" name="TestXSD11W3C/saxonMeta/Wild.testSet/wild038" time="0.000"></testcase>
    <testcase classname="github.com/lestrrat-go/helium-w3c-tests/xsd" name="TestXSD11W3C/saxonMeta/Wild.testSet/wild039" time="0.000"></testcase>
    <testcase classname="github.com/lestrrat-go/helium-w3c-tests/xsd" name="TestXSD11W3C/saxonMeta/Wild.testSet/wild040" time="0.000"></testcase>
    <testcase classname="github.com/lestrrat-go/helium-w3c-tests/xsd" name="TestXSD11W3C/saxonMeta/Wild.testSet/wild041" time="0.000"></testcase>
    <testcase classname="github.com/lestrrat-go/helium-w3c-tests/xsd" name="TestXSD11W3C/saxonMeta/Wild.testSet/wild042" time="0.000"></testcase>
    <testcase classname="github.com/lestrrat-go/helium-w3c-tests/xsd" name="TestXSD11W3C/saxonMeta/Wild.testSet/wild043" time="0.000"></testcase>
    <testcase classname="github.com/lestrrat-go/helium-w3c-tests/xsd" name="TestXSD11W3C/saxonMeta/Wild.testSet/wild044" time="0.000"></testcase>
    <testcase classname="github.com/lestrrat-go/helium-w3c-tests/xsd" name="TestXSD11W3C/saxonMeta/Wild.testSet/wild045" time="0.000"></testcase>
    <testcase classname="github.com/lestrrat-go/helium-w3c-tests/xsd" name="TestXSD11W3C/saxonMeta/Wild.testSet/wild046" time="0.000"></testcase>
    <testcase classname="github.com/lestrrat-go/helium-w3c-tests/xsd" name="TestXSD11W3C/saxonMeta/Wild.testSet/wild047" time="0.000"></testcase>
    <testcase classname="github.com/lestrrat-go/helium-w3c-tests/xsd" name="TestXSD11W3C/saxonMeta/Wild.testSet/wild048" time="0.000"></testcase>
    <testcase classname="github.com/lestrrat-go/helium-w3c-tests/xsd" name="TestXSD11W3C/saxonMeta/Wild.testSet/wild049" time="0.000"></testcase>
    <testcase classname="github.com/lestrrat-go/helium-w3c-tests/xsd" name="TestXSD11W3C/saxonMeta/Wild.testSet/wild050" time="0.000"></testcase>
    <testcase classname="github.com/lestrrat-go/helium-w3c-tests/xsd" name="TestXSD11W3C/saxonMeta/Wild.testSet/wild051" time="0.000"></testcase>
    <testcase classname="github.com/lestrrat-go/helium-w3c-tests/xsd" name="TestXSD11W3C/saxonMeta/Wild.testSet/wild052" time="0.000"></testcase>
    <testcase classname="github.com/lestrrat-go/helium-w3c-tests/xsd" name="TestXSD11W3C/saxonMeta/Wild.testSet/wild053" time="0.000"></testcase>
    <testcase classname="github.com/lestrrat-go/helium-w3c-tests/xsd" name="TestXSD11W3C/saxonMeta/Wild.testSet/wild054" time="0.000"></testcase>
    <testcase classname="github.com/lestrrat-go/helium-w3c-tests/xsd" name="TestXSD11W3C/saxonMeta/Wild.testSet/wild055" time="0.000"></testcase>
    <testcase classname="github.com/lestrrat-go/helium-w3c-tests/xsd" name="TestXSD11W3C/saxonMeta/Wild.testSet/wild056" time="0.000"></testcase>
    <testcase classname="github.com/lestrrat-go/helium-w3c-tests/xsd" name="TestXSD11W3C/saxonMeta/Wild.testSet/wild057" time="0.000"></testcase>
    <testcase classname="github.com/lestrrat-go/helium-w3c-tests/xsd" name="TestXSD11W3C/saxonMeta/Wild.testSet/wild058" time="0.000"></testcase>
    <testcase classname="github.com/lestrrat-go/helium-w3c-tests/xsd" name="TestXSD11W3C/saxonMeta/Wild.testSet/wild059" time="0.000"></testcase>
    <testcase classname="github.com/lestrrat-go/helium-w3c-tests/xsd" name="TestXSD11W3C/saxonMeta/Wild.testSet/wild060" time="0.000"></testcase>
    <testcase classname="github.com/lestrrat-go/helium-w3c-tests/xsd" name="TestXSD11W3C/saxonMeta/Wild.testSet/wild061" time="0.000"></testcase>
    <testcase classname="github.com/lestrrat-go/helium-w3c-tests/xsd" name="TestXSD11W3C/saxonMeta/Wild.testSet/wild062" time="0.000"></testcase>
    <testcase classname="github.com/lestrrat-go/helium-w3c-tests/xsd" name="TestXSD11W3C/saxonMeta/Wild.testSet/wild063" time="0.000"></testcase>
    <testcase classname="github.com/lestrrat-go/helium-w3c-tests/xsd" name="TestXSD11W3C/saxonMeta/Wild.testSet/wild064" time="0.000"></testcase>
    <testcase classname="github.com/lestrrat-go/helium-w3c-tests/xsd" name="TestXSD11W3C/saxonMeta/Wild.testSet/wild065" time="0.000"></testcase>
    <testcase classname="github.com/lestrrat-go/helium-w3c-tests/xsd" name="TestXSD11W3C/saxonMeta/Wild.testSet/wild066" time="0.000"></testcase>
    <testcase classname="github.com/lestrrat-go/helium-w3c-tests/xsd" name="TestXSD11W3C/saxonMeta/Wild.testSet/wild067" time="0.000"></testcase>
    <testcase classname="github.com/lestrrat-go/helium-w3c-tests/xsd" name="TestXSD11W3C/saxonMeta/Wild.testSet/wild068" time="0.000"></testcase>
    <testcase classname="github.com/lestrrat-go/helium-w3c-tests/xsd" name="TestXSD11W3C/saxonMeta/Wild.testSet/wild069" time="0.000"></testcase>
    <testcase classname="github.com/lestrrat-go/helium-w3c-tests/xsd" name="TestXSD11W3C/saxonMeta/Wild.testSet/wild070" time="0.000"></testcase>
    <testcase classname="github.com/lestrrat-go/helium-w3c-tests/xsd" name="TestXSD11W3C/saxonMeta/Wild.testSet/wild071" time="0.000"></testcase>
    <testcase classname="github.com/lestrrat-go/helium-w3c-tests/xsd" name="TestXSD11W3C/saxonMeta/Wild.testSet/wild072" time="0.000"></testcase>
    <testcase classname="github.com/lestrrat-go/helium-w3c-tests/xsd" name="TestXSD11W3C/saxonMeta/Wild.testSet/wild073" time="0.000"></testcase>
    <testcase classname="github.com/lestrrat-go/helium-w3c-tests/xsd" name="TestXSD11W3C/saxonMeta/Wild.testSet/wild074" time="0.000"></testcase>
    <testcase classname="github.com/lestrrat-go/helium-w3c-tests/xsd" name="TestXSD11W3C/saxonMeta/Wild.testSet/wild075" time="0.000"></testcase>
    <testcase classname="github.com/lestrrat-go/helium-w3c-tests/xsd" name="TestXSD11W3C/saxonMeta/Wild.testSet/wild076" time="0.000"></testcase>
    <testcase classname="github.com/lestrrat-go/helium-w3c-tests/xsd" name="TestXSD11W3C/saxonMeta/Wild.testSet/wild077" time="0.000"></testcase>
    <testcase classname="github.com/lestrrat-go/helium-w3c-tests/xsd" name="TestXSD11W3C/saxonMeta/Wild.testSet/wild078" time="0.000"></testcase>
    <testcase classname="github.com/lestrrat-go/helium-w3c-tests/xsd" name="TestXSD11W3C/saxonMeta/Wild.testSet/wild079" time="0.000"></testcase>
    <testcase classname="github.com/lestrrat-go/helium-w3c-tests/xsd" name="TestXSD11W3C/saxonMeta/Wild.testSet/wild080" time="0.000"></testcase>
    <testcase classname="github.com/lestrrat-go/helium-w3c-tests/xsd" name="TestXSD11W3C/saxonMeta/Wild.testSet/wild081" time="0.000"></testcase>
    <testcase classname="github.com/lestrrat-go/helium-w3c-tests/xsd" name="TestXSD11W3C/saxonMeta/Wild.testSet/wild082" time="0.000"></testcase>
    <testcase classname="github.com/lestrrat-go/helium-w3c-tests/xsd" name="TestXSD11W3C/saxonMeta/Wild.testSet/wild083" time="0.000"></testcase>
    <testcase classname="github.com/lestrrat-go/helium-w3c-tests/xsd" name="TestXSD11W3C/saxonMeta/Wild.testSet/wild084" time="0.000"></testcase>
    <testcase classname="github.com/lestrrat-go/helium-w3c-tests/xsd" name="TestXSD11W3C/saxonMeta/Wild.testSet/wild101" time="0.000"></testcase>
    <testcase classname="github.com/lestrrat-go/helium-w3c-tests/xsd" name="TestXSD11W3C/saxonMeta/Wild.testSet/wild102" time="0.000"></testcase>
    <testcase classname="github.com/lestrrat-go/helium-w3c-tests/xsd" name="TestXSD11W3C/saxonMeta/Wild.testSet/wild103" time="0.000"></testcase>
    <testcase classname="github.com/lestrrat-go/helium-w3c-tests/xsd" name="TestXSD11W3C/saxonMeta/Wild.testSet/wild104" time="0.000"></testcase>
    <testcase classname="github.com/lestrrat-go/helium-w3c-tests/xsd" name="TestXSD11W3C/saxonMeta/Zone.testSet/zone001" time="0.000"></testcase>
    <testcase classname="github.com/lestrrat-go/helium-w3c-tests/xsd" name="TestXSD11W3C/saxonMeta/Zone.testSet/zone002" time="0.000"></testcase>
    <testcase classname="github.com/lestrrat-go/helium-w3c-tests/xsd" name="TestXSD11W3C/saxonMeta/Zone.testSet/zone003" time="0.000"></testcase>
    <testcase classname="github.com/lestrrat-go/helium-w3c-tests/xsd" name="TestXSD11W3C/saxonMeta/Zone.testSet/zone004" time="0.000"></testcase>
    <testcase classname="github.com/lestrrat-go/helium-w3c-tests/xsd" name="TestXSD11W3C/saxonMeta/Zone.testSet/zone005" time="0.000"></testcase>
    <testcase classname="github.com/lestrrat-go/helium-w3c-tests/xsd" name="TestXSD11W3C/saxonMeta/Zone.testSet/zone006" time="0.000"></testcase>
    <testcase classname="github.com/lestrrat-go/helium-w3c-tests/xsd" name="TestXSD11W3C/saxonMeta/Zone.testSet/zone007" time="0.000"></testcase>
    <testcase classname="github.com/lestrrat-go/helium-w3c-tests/xsd" name="TestXSD11W3C/saxonMeta/Zone.testSet/zone008" time="0.000"></testcase>
    <testcase classname="github.com/lestrrat-go/helium-w3c-tests/xsd" name="TestXSD11W3C/saxonMeta/Zone.testSet/zone101" time="0.000"></testcase>
    <testcase classname="github.com/lestrrat-go/helium-w3c-tests/xsd" name="TestXSD11W3C/saxonMeta/Zone.testSet/zone102" time="0.000"></testcase>
    <testcase classname="github.com/lestrrat-go/helium-w3c-tests/xsd" name="TestXSD11W3C/saxonMeta/Zone.testSet/zone201" time="0.000"></testcase>
    <testcase classname="github.com/lestrrat-go/helium-w3c-tests/xsd" name="TestXSD11W3C/saxonMeta/Zone.testSet/zone202" time="0.000"></testcase>
    <testcase classname="github.com/lestrrat-go/helium-w3c-tests/xsd" name="TestXSD11W3C/saxonMeta/Zone.testSet/zone203" time="0.000"></testcase>
    <testcase classname="github.com/lestrrat-go/helium-w3c-tests/xsd" name="TestXSD11W3C/saxonMeta/Zone.testSet/zone204" time="0.000"></testcase>
    <testcase classname="github.com/lestrrat-go/helium-w3c-tests/xsd" name="TestXSD11W3C/saxonMeta/Zone.testSet/zone205" time="0.000"></testcase>
    <testcase classname="github.com/lestrrat-go/helium-w3c-tests/xsd" name="TestXSD11W3C/saxonMeta/Zone.testSet/zone206" time="0.000"></testcase>
    <testcase classname="github.com/lestrrat-go/helium-w3c-tests/xsd" name="TestXSD11W3C/saxonMeta/Zone.testSet/zone301" time="0.000"></testcase>
    <testcase classname="github.com/lestrrat-go/helium-w3c-tests/xsd" name="TestXSD11W3C/saxonMeta/Zone.testSet/zone302" time="0.000"></testcase>
    <testcase classname="github.com/lestrrat-go/helium-w3c-tests/xsd" name="TestXSD11W3C/saxonMeta/Zone.testSet/zone303" time="0.000"></testcase>
    <testcase classname="github.com/lestrrat-go/helium-w3c-tests/xsd" name="TestXSD11W3C/saxonMeta/Zone.testSet/zone304" time="0.000"></testcase>
    <testcase classname="github.com/lestrrat-go/helium-w3c-tests/xsd" name="TestXSD11W3C/wgMeta/IRI.testSet/iri-001" time="0.010"></testcase>
    <testcase classname="github.com/lestrrat-go/helium-w3c-tests/xsd" name="TestXSD11W3C/wgMeta/substitution-groups.testSet/sg-abstract-edc" time="0.000"></testcase>
    <testcase classname="github.com/lestrrat-go/helium-w3c-tests/xsd" name="TestXSD11W3C/wgMeta/substitution-groups.testSet/sg-abstract-upa" time="0.000"></testcase>
    <testcase classname="github.com/lestrrat-go/helium-w3c-tests/xsd" name="TestXSD11W3C/wgMeta/substitution-groups.testSet/sg-abstract-upa2" time="0.000"></testcase>
    <testcase classname="github.com/lestrrat-go/helium-w3c-tests/xsd" name="TestXSD11W3C/wgMeta/substitution-groups.testSet/sg-and-defined-Sibling-1" time="0.000"></testcase>
    <testcase classname="github.com/lestrrat-go/helium-w3c-tests/xsd" name="TestXSD11W3C/wgMeta/substitution-groups.testSet/sg-and-defined-Sibling-2" time="0.000"></testcase>
    <testcase classname="github.com/lestrrat-go/helium-w3c-tests/xsd" name="TestXSD11W3C/wgMeta/substitution-groups.testSet/sg-and-defined-Sibling-3" time="0.000"></testcase>
  </testsuite>
</testsuites>